生成启动时间为 2019/6/28 15:05:40。
     1>项目“D:\vs2010_project\asn1c_lte_rrc_message_parse\asn1c_lte_rrc_message_parse\asn1c_lte_rrc_message_parse.vcxproj”在节点 2 上(build 个目标)。
     1>InitializeBuildStatus:
         正在创建“Debug\asn1c_lte_rrc_message_parse.unsuccessfulbuild”，因为已指定“AlwaysCreate”。
       ClCompile:
         D:\Program Files (x86)\Microsoft Visual Studio 10.0\VC\bin\CL.exe /c /ZI /nologo /W3 /WX- /Od /Oy- /D WIN32 /D _DEBUG /D _CONSOLE /D ASN_DISABLE_OER_SUPPORT /D _UNICODE /D UNICODE /Gm /EHsc /RTC1 /MDd /GS /fp:precise /Zc:wchar_t /Zc:forScope /Fo"Debug\\" /Fd"Debug\vc100.pdb" /Gd /TC /analyze- /errorReport:prompt main.c
         main.c
     1>d:\vs2010_project\asn1c_lte_rrc_message_parse\asn1c_lte_rrc_message_parse\main.c(40): warning C4996: 'fopen': This function or variable may be unsafe. Consider using fopen_s instead. To disable deprecation, use _CRT_SECURE_NO_WARNINGS. See online help for details.
                 d:\program files (x86)\microsoft visual studio 10.0\vc\include\stdio.h(234) : 参见“fopen”的声明
     1>d:\vs2010_project\asn1c_lte_rrc_message_parse\asn1c_lte_rrc_message_parse\main.c(81): warning C4996: 'fopen': This function or variable may be unsafe. Consider using fopen_s instead. To disable deprecation, use _CRT_SECURE_NO_WARNINGS. See online help for details.
                 d:\program files (x86)\microsoft visual studio 10.0\vc\include\stdio.h(234) : 参见“fopen”的声明
     1>d:\vs2010_project\asn1c_lte_rrc_message_parse\asn1c_lte_rrc_message_parse\main.c(118): warning C4996: 'fopen': This function or variable may be unsafe. Consider using fopen_s instead. To disable deprecation, use _CRT_SECURE_NO_WARNINGS. See online help for details.
                 d:\program files (x86)\microsoft visual studio 10.0\vc\include\stdio.h(234) : 参见“fopen”的声明
       ManifestResourceCompile:
         所有输出均为最新。
       Link:
         D:\Program Files (x86)\Microsoft Visual Studio 10.0\VC\bin\link.exe /ERRORREPORT:PROMPT /OUT:"D:\vs2010_project\asn1c_lte_rrc_message_parse\Debug\asn1c_lte_rrc_message_parse.exe" /INCREMENTAL /NOLOGO kernel32.lib user32.lib gdi32.lib winspool.lib comdlg32.lib advapi32.lib shell32.lib ole32.lib oleaut32.lib uuid.lib odbc32.lib odbccp32.lib /MANIFEST /ManifestFile:"Debug\asn1c_lte_rrc_message_parse.exe.intermediate.manifest" /MANIFESTUAC:"level='asInvoker' uiAccess='false'" /DEBUG /PDB:"D:\vs2010_project\asn1c_lte_rrc_message_parse\Debug\asn1c_lte_rrc_message_parse.pdb" /SUBSYSTEM:CONSOLE /TLBID:1 /DYNAMICBASE /NXCOMPAT /IMPLIB:"D:\vs2010_project\asn1c_lte_rrc_message_parse\Debug\asn1c_lte_rrc_message_parse.lib" /MACHINE:X86 Debug\asn1c_lte_rrc_message_parse.exe.embed.manifest.res
         "Debug\AB-Config-NB-r13.obj"
         "Debug\AB-ConfigPLMN-NB-r13.obj"
         "Debug\AbsoluteTimeInfo-r10.obj"
         "Debug\AC-BarringConfig.obj"
         "Debug\AC-BarringConfig1XRTT-r9.obj"
         "Debug\AC-BarringPerPLMN-List-r12.obj"
         "Debug\AC-BarringPerPLMN-r12.obj"
         "Debug\AccessStratumRelease-NB-r13.obj"
         Debug\AccessStratumRelease.obj
         "Debug\ACDC-BarringForCommon-r13.obj"
         "Debug\ACDC-BarringPerPLMN-List-r13.obj"
         "Debug\ACDC-BarringPerPLMN-r13.obj"
         "Debug\ACK-NACK-NumRepetitions-NB-r13.obj"
         "Debug\AdditionalBandInfoList-NB-r14.obj"
         Debug\AdditionalReestabInfo.obj
         Debug\AdditionalReestabInfoList.obj
         "Debug\AdditionalSI-Info-r9.obj"
         "Debug\AdditionalSpectrumEmission-v10l0.obj"
         Debug\AdditionalSpectrumEmission.obj
         "Debug\AffectedCarrierFreq-r11.obj"
         "Debug\AffectedCarrierFreq-v1310.obj"
         "Debug\AffectedCarrierFreqComb-r11.obj"
         "Debug\AffectedCarrierFreqComb-r13.obj"
         "Debug\AffectedCarrierFreqCombList-r11.obj"
         "Debug\AffectedCarrierFreqCombList-r13.obj"
         "Debug\AffectedCarrierFreqList-r11.obj"
         "Debug\AffectedCarrierFreqList-v1310.obj"
         Debug\AllowedMeasBandwidth.obj
         "Debug\Alpha-r12.obj"
         "Debug\AltTTT-CellsToAddMod-r12.obj"
         "Debug\AltTTT-CellsToAddModList-r12.obj"
         Debug\AntennaInfoCommon.obj
         "Debug\AntennaInfoDedicated-r10.obj"
         "Debug\AntennaInfoDedicated-v10i0.obj"
         "Debug\AntennaInfoDedicated-v1250.obj"
         "Debug\AntennaInfoDedicated-v1430.obj"
         "Debug\AntennaInfoDedicated-v920.obj"
         Debug\AntennaInfoDedicated.obj
         "Debug\AntennaInfoUL-r10.obj"
         "Debug\AreaConfiguration-r10.obj"
         "Debug\AreaConfiguration-v1130.obj"
         "Debug\ARFCN-ValueCDMA2000.obj"
         "Debug\ARFCN-ValueEUTRA-r9.obj"
         "Debug\ARFCN-ValueEUTRA-v9e0.obj"
         "Debug\ARFCN-ValueEUTRA.obj"
         "Debug\ARFCN-ValueGERAN.obj"
         "Debug\ARFCN-ValueUTRA.obj"
         "Debug\AS-Config-NB.obj"
         "Debug\AS-Config-v10j0.obj"
         "Debug\AS-Config-v1250.obj"
         "Debug\AS-Config-v1320.obj"
         "Debug\AS-Config-v13c0.obj"
         "Debug\AS-Config-v1430.obj"
         "Debug\AS-Config-v9e0.obj"
         "Debug\AS-Config.obj"
         "Debug\AS-Context-NB.obj"
         "Debug\AS-Context-v1130.obj"
         "Debug\AS-Context-v1320.obj"
         "Debug\AS-Context.obj"
         Debug\asn_application.obj
         Debug\asn_bit_data.obj
         Debug\asn_codecs_prim.obj
         Debug\asn_internal.obj
         Debug\asn_random_fill.obj
         Debug\asn_SEQUENCE_OF.obj
         Debug\asn_SET_OF.obj
         Debug\BandclassCDMA2000.obj
         Debug\BandClassInfoCDMA2000.obj
         Debug\BandClassListCDMA2000.obj
         Debug\BandClassPriority1XRTT.obj
         Debug\BandClassPriorityHRPD.obj
         Debug\BandClassPriorityList1XRTT.obj
         Debug\BandClassPriorityListHRPD.obj
         "Debug\BandCombination-r14.obj"
         "Debug\BandCombinationList-r14.obj"
         "Debug\BandCombinationListEUTRA-r10.obj"
         "Debug\BandCombinationParameters-r10.obj"
         "Debug\BandCombinationParameters-r11.obj"
         "Debug\BandCombinationParameters-r13.obj"
         "Debug\BandCombinationParameters-v1090.obj"
         "Debug\BandCombinationParameters-v10i0.obj"
         "Debug\BandCombinationParameters-v1130.obj"
         "Debug\BandCombinationParameters-v1250.obj"
         "Debug\BandCombinationParameters-v1270.obj"
         "Debug\BandCombinationParameters-v1320.obj"
         "Debug\BandCombinationParameters-v1380.obj"
         "Debug\BandCombinationParameters-v1390.obj"
         "Debug\BandCombinationParameters-v1430.obj"
         "Debug\BandCombinationParameters-v1450.obj"
         "Debug\BandCombinationParameters-v1470.obj"
         "Debug\BandCombinationParametersExt-r10.obj"
         "Debug\BandIndication-r14.obj"
         Debug\BandIndicatorGERAN.obj
         Debug\BandInfoEUTRA.obj
         Debug\BandListEUTRA.obj
         "Debug\BandParameters-r10.obj"
         "Debug\BandParameters-r11.obj"
         "Debug\BandParameters-r13.obj"
         "Debug\BandParameters-v1090.obj"
         "Debug\BandParameters-v10i0.obj"
         "Debug\BandParameters-v1130.obj"
         "Debug\BandParameters-v1270.obj"
         "Debug\BandParameters-v1320.obj"
         "Debug\BandParameters-v1380.obj"
         "Debug\BandParameters-v1430.obj"
         "Debug\BandParameters-v1450.obj"
         "Debug\BandParameters-v1470.obj"
         "Debug\BandParametersDL-r10.obj"
         "Debug\BandParametersDL-r13.obj"
         "Debug\BandParametersRxSL-r14.obj"
         "Debug\BandParametersTxSL-r14.obj"
         "Debug\BandParametersUL-r10.obj"
         "Debug\BandParametersUL-r13.obj"
         "Debug\BarringPerACDC-Category-r13.obj"
         "Debug\BarringPerACDC-CategoryList-r13.obj"
         "Debug\BCCH-BCH-Message-MBMS.obj"
         "Debug\BCCH-BCH-Message-NB.obj"
         "Debug\BCCH-BCH-Message.obj"
         "Debug\BCCH-BCH-MessageType-MBMS-r14.obj"
         "Debug\BCCH-BCH-MessageType-NB.obj"
         "Debug\BCCH-BCH-MessageType.obj"
         "Debug\BCCH-Config-NB-r13.obj"
         "Debug\BCCH-Config-v1310.obj"
         "Debug\BCCH-Config.obj"
         "Debug\BCCH-DL-SCH-Message-BR.obj"
         "Debug\BCCH-DL-SCH-Message-MBMS.obj"
         "Debug\BCCH-DL-SCH-Message-NB.obj"
         "Debug\BCCH-DL-SCH-Message.obj"
         "Debug\BCCH-DL-SCH-MessageType-BR-r13.obj"
         "Debug\BCCH-DL-SCH-MessageType-MBMS-r14.obj"
         "Debug\BCCH-DL-SCH-MessageType-NB.obj"
         "Debug\BCCH-DL-SCH-MessageType.obj"
         Debug\ber_decoder.obj
         Debug\ber_tlv_length.obj
         Debug\ber_tlv_tag.obj
         Debug\BIT_STRING.obj
         Debug\BlackCellsToAddMod.obj
         Debug\BlackCellsToAddModList.obj
         "Debug\BLER-Range-r12.obj"
         "Debug\BLER-Result-r12.obj"
         Debug\BOOLEAN.obj
         "Debug\BW-Preference-r14.obj"
         "Debug\C-RNTI.obj"
         "Debug\CA-BandwidthClass-r10.obj"
         "Debug\CA-MIMO-ParametersDL-r10.obj"
         "Debug\CA-MIMO-ParametersDL-r13.obj"
         "Debug\CA-MIMO-ParametersDL-v10i0.obj"
         "Debug\CA-MIMO-ParametersDL-v1270.obj"
         "Debug\CA-MIMO-ParametersUL-r10.obj"
         "Debug\CandidateCellInfo-r10.obj"
         "Debug\CandidateCellInfoList-r10.obj"
         Debug\CarrierBandwidthEUTRA.obj
         "Debug\CarrierConfigDedicated-NB-r13.obj"
         "Debug\CarrierFreq-NB-r13.obj"
         Debug\CarrierFreqCDMA2000.obj
         "Debug\CarrierFreqEUTRA-v9e0.obj"
         Debug\CarrierFreqEUTRA.obj
         Debug\CarrierFreqGERAN.obj
         "Debug\CarrierFreqInfoUTRA-FDD-v8h0.obj"
         "Debug\CarrierFreqInfoUTRA-v1250.obj"
         "Debug\CarrierFreqListMBMS-r11.obj"
         "Debug\CarrierFreqListUTRA-FDD-Ext-r12.obj"
         "Debug\CarrierFreqListUTRA-FDD.obj"
         "Debug\CarrierFreqListUTRA-TDD-Ext-r12.obj"
         "Debug\CarrierFreqListUTRA-TDD-r10.obj"
         "Debug\CarrierFreqListUTRA-TDD.obj"
         Debug\CarrierFreqsGERAN.obj
         Debug\CarrierFreqsInfoGERAN.obj
         Debug\CarrierFreqsInfoListGERAN.obj
         "Debug\CarrierFreqUTRA-FDD-Ext-r12.obj"
         "Debug\CarrierFreqUTRA-FDD.obj"
         "Debug\CarrierFreqUTRA-TDD-r12.obj"
         "Debug\CarrierFreqUTRA-TDD.obj"
         "Debug\CDMA2000-Type.obj"
         "Debug\CE-Parameters-r13.obj"
         "Debug\CE-Parameters-v1320.obj"
         "Debug\CE-Parameters-v1350.obj"
         "Debug\CE-Parameters-v1370.obj"
         "Debug\CE-Parameters-v1380.obj"
         "Debug\CE-Parameters-v1430.obj"
         "Debug\Cell-ToAddMod-r12.obj"
         "Debug\CellAccessRelatedInfo-r14.obj"
         Debug\CellChangeOrder.obj
         Debug\CellGlobalIdCDMA2000.obj
         Debug\CellGlobalIdEUTRA.obj
         Debug\CellGlobalIdGERAN.obj
         "Debug\CellGlobalIdList-r10.obj"
         Debug\CellGlobalIdUTRA.obj
         Debug\CellIdentity.obj
         Debug\CellIndex.obj
         Debug\CellIndexList.obj
         "Debug\CellInfoGERAN-r9.obj"
         "Debug\CellInfoListGERAN-r9.obj"
         "Debug\CellInfoListUTRA-FDD-r9.obj"
         "Debug\CellInfoListUTRA-TDD-r10.obj"
         "Debug\CellInfoListUTRA-TDD-r9.obj"
         "Debug\CellInfoUTRA-FDD-r9.obj"
         "Debug\CellInfoUTRA-TDD-r10.obj"
         "Debug\CellInfoUTRA-TDD-r9.obj"
         "Debug\CellReselectionInfoCommon-NB-v1450.obj"
         "Debug\CellReselectionInfoCommon-v1460.obj"
         "Debug\CellReselectionParametersCDMA2000-r11.obj"
         "Debug\CellReselectionParametersCDMA2000-v920.obj"
         Debug\CellReselectionParametersCDMA2000.obj
         Debug\CellReselectionPriority.obj
         "Debug\CellReselectionServingFreqInfo-v1310.obj"
         "Debug\CellReselectionSubPriority-r13.obj"
         "Debug\CellSelectionInfo-NB-v1350.obj"
         "Debug\CellSelectionInfo-NB-v1430.obj"
         "Debug\CellSelectionInfo-v1130.obj"
         "Debug\CellSelectionInfo-v1250.obj"
         "Debug\CellSelectionInfo-v920.obj"
         "Debug\CellSelectionInfoCE-r13.obj"
         "Debug\CellSelectionInfoCE1-r13.obj"
         "Debug\CellSelectionInfoCE1-v1360.obj"
         "Debug\CellSelectionInfoNFreq-r13.obj"
         Debug\CellsToAddMod.obj
         Debug\CellsToAddModCDMA2000.obj
         Debug\CellsToAddModList.obj
         Debug\CellsToAddModListCDMA2000.obj
         "Debug\CellsToAddModListUTRA-FDD.obj"
         "Debug\CellsToAddModListUTRA-TDD.obj"
         "Debug\CellsToAddModUTRA-FDD.obj"
         "Debug\CellsToAddModUTRA-TDD.obj"
         Debug\CellsTriggeredList.obj
         "Debug\ChannelRasterOffset-NB-r13.obj"
         "Debug\CIOT-EPS-OptimisationInfo-r13.obj"
         "Debug\CIOT-OptimisationPLMN-r13.obj"
         "Debug\CipheringAlgorithm-r12.obj"
         "Debug\CommonSF-AllocPatternList-r14.obj"
         "Debug\CommonSF-AllocPatternList-r9.obj"
         "Debug\ConnEstFailReport-r11.obj"
         Debug\constraints.obj
         Debug\constr_CHOICE.obj
         Debug\constr_SEQUENCE.obj
         Debug\constr_SEQUENCE_OF.obj
         Debug\constr_SET_OF.obj
         Debug\constr_TYPE.obj
         "Debug\CounterCheck-r8-IEs.obj"
         "Debug\CounterCheck-v8a0-IEs.obj"
         Debug\CounterCheck.obj
         "Debug\CounterCheckResponse-r8-IEs.obj"
         "Debug\CounterCheckResponse-v8a0-IEs.obj"
         Debug\CounterCheckResponse.obj
         "Debug\CountingRequestInfo-r10.obj"
         "Debug\CountingRequestList-r10.obj"
         "Debug\CountingResponseInfo-r10.obj"
         "Debug\CountingResponseList-r10.obj"
         "Debug\CQI-NPDCCH-NB-r14.obj"
         "Debug\CQI-NPDCCH-Short-NB-r14.obj"
         "Debug\CQI-ReportAperiodic-r10.obj"
         "Debug\CQI-ReportAperiodic-v1250.obj"
         "Debug\CQI-ReportAperiodic-v1310.obj"
         "Debug\CQI-ReportAperiodicHybrid-r14.obj"
         "Debug\CQI-ReportAperiodicProc-r11.obj"
         "Debug\CQI-ReportAperiodicProc-v1310.obj"
         "Debug\CQI-ReportBoth-r11.obj"
         "Debug\CQI-ReportBoth-v1250.obj"
         "Debug\CQI-ReportBoth-v1310.obj"
         "Debug\CQI-ReportBothProc-r11.obj"
         "Debug\CQI-ReportConfig-r10.obj"
         "Debug\CQI-ReportConfig-v1130.obj"
         "Debug\CQI-ReportConfig-v1250.obj"
         "Debug\CQI-ReportConfig-v1310.obj"
         "Debug\CQI-ReportConfig-v1320.obj"
         "Debug\CQI-ReportConfig-v1430.obj"
         "Debug\CQI-ReportConfig-v920.obj"
         "Debug\CQI-ReportConfig.obj"
         "Debug\CQI-ReportConfigSCell-r10.obj"
         "Debug\CQI-ReportModeAperiodic.obj"
         "Debug\CQI-ReportPeriodic-r10.obj"
         "Debug\CQI-ReportPeriodic-v1130.obj"
         "Debug\CQI-ReportPeriodic-v1310.obj"
         "Debug\CQI-ReportPeriodic-v1320.obj"
         "Debug\CQI-ReportPeriodic.obj"
         "Debug\CQI-ReportPeriodicProcExt-r11.obj"
         "Debug\CQI-ReportPeriodicProcExtId-r11.obj"
         "Debug\CQI-ReportPeriodicProcExtToAddModList-r11.obj"
         "Debug\CQI-ReportPeriodicProcExtToReleaseList-r11.obj"
         "Debug\CRI-ConfigIndex-r13.obj"
         "Debug\CRI-ReportConfig-r13.obj"
         "Debug\CrossCarrierSchedulingConfig-r10.obj"
         "Debug\CrossCarrierSchedulingConfig-r13.obj"
         "Debug\CrossCarrierSchedulingConfigLAA-UL-r14.obj"
         "Debug\CRS-AssistanceInfo-r11.obj"
         "Debug\CRS-AssistanceInfo-r13.obj"
         "Debug\CRS-AssistanceInfoList-r11.obj"
         "Debug\CRS-AssistanceInfoList-r13.obj"
         "Debug\CSFB-RegistrationParam1XRTT-v920.obj"
         "Debug\CSFB-RegistrationParam1XRTT.obj"
         "Debug\CSFBParametersRequestCDMA2000-r8-IEs.obj"
         "Debug\CSFBParametersRequestCDMA2000-v8a0-IEs.obj"
         Debug\CSFBParametersRequestCDMA2000.obj
         "Debug\CSFBParametersResponseCDMA2000-r8-IEs.obj"
         "Debug\CSFBParametersResponseCDMA2000-v8a0-IEs.obj"
         Debug\CSFBParametersResponseCDMA2000.obj
         "Debug\CSG-AllowedReportingCells-r9.obj"
         "Debug\CSG-Identity.obj"
         "Debug\CSG-ProximityIndicationParameters-r9.obj"
         "Debug\CSI-IM-Config-r11.obj"
         "Debug\CSI-IM-ConfigExt-r12.obj"
         "Debug\CSI-IM-ConfigId-r11.obj"
         "Debug\CSI-IM-ConfigId-r12.obj"
         "Debug\CSI-IM-ConfigId-r13.obj"
         "Debug\CSI-IM-ConfigId-v1250.obj"
         "Debug\CSI-IM-ConfigId-v1310.obj"
         "Debug\CSI-IM-ConfigToAddModList-r11.obj"
         "Debug\CSI-IM-ConfigToAddModListExt-r13.obj"
         "Debug\CSI-IM-ConfigToReleaseList-r11.obj"
         "Debug\CSI-IM-ConfigToReleaseListExt-r13.obj"
         "Debug\CSI-Process-r11.obj"
         "Debug\CSI-ProcessId-r11.obj"
         "Debug\CSI-ProcessToAddModList-r11.obj"
         "Debug\CSI-ProcessToReleaseList-r11.obj"
         "Debug\CSI-RS-Config-NZP-v1430.obj"
         "Debug\CSI-RS-Config-r10.obj"
         "Debug\CSI-RS-Config-v1250.obj"
         "Debug\CSI-RS-Config-v1310.obj"
         "Debug\CSI-RS-Config-v1430.obj"
         "Debug\CSI-RS-Config-v1480.obj"
         "Debug\CSI-RS-ConfigBeamformed-r13.obj"
         "Debug\CSI-RS-ConfigBeamformed-r14.obj"
         "Debug\CSI-RS-ConfigBeamformed-v1430.obj"
         "Debug\CSI-RS-ConfigEMIMO-Hybrid-r14.obj"
         "Debug\CSI-RS-ConfigEMIMO-r13.obj"
         "Debug\CSI-RS-ConfigEMIMO-v1430.obj"
         "Debug\CSI-RS-ConfigEMIMO-v1480.obj"
         "Debug\CSI-RS-ConfigEMIMO2-r14.obj"
         "Debug\CSI-RS-ConfigNonPrecoded-r13.obj"
         "Debug\CSI-RS-ConfigNonPrecoded-v1430.obj"
         "Debug\CSI-RS-ConfigNonPrecoded-v1480.obj"
         "Debug\CSI-RS-ConfigNZP-Activation-r14.obj"
         "Debug\CSI-RS-ConfigNZP-EMIMO-r13.obj"
         "Debug\CSI-RS-ConfigNZP-EMIMO-v1430.obj"
         "Debug\CSI-RS-ConfigNZP-r11.obj"
         "Debug\CSI-RS-ConfigNZPId-r11.obj"
         "Debug\CSI-RS-ConfigNZPId-r13.obj"
         "Debug\CSI-RS-ConfigNZPId-v1310.obj"
         "Debug\CSI-RS-ConfigNZPToAddModList-r11.obj"
         "Debug\CSI-RS-ConfigNZPToAddModListExt-r13.obj"
         "Debug\CSI-RS-ConfigNZPToReleaseList-r11.obj"
         "Debug\CSI-RS-ConfigNZPToReleaseListExt-r13.obj"
         "Debug\CSI-RS-ConfigZP-ApList-r14.obj"
         "Debug\CSI-RS-ConfigZP-r11.obj"
         "Debug\CSI-RS-ConfigZPId-r11.obj"
         "Debug\CSI-RS-ConfigZPToAddModList-r11.obj"
         "Debug\CSI-RS-ConfigZPToReleaseList-r11.obj"
         "Debug\CSI-RS-TriggeredList-r12.obj"
         "Debug\CSI-RSRP-Range-r12.obj"
         "Debug\DataBLER-MCH-Result-r12.obj"
         "Debug\DataBLER-MCH-ResultList-r12.obj"
         "Debug\DataInactivityTimer-r14.obj"
         "Debug\DC-Parameters-r12.obj"
         "Debug\DC-Parameters-v1310.obj"
         Debug\DedicatedInfoCDMA2000.obj
         Debug\DedicatedInfoNAS.obj
         "Debug\DelayBudgetReport-r14.obj"
         "Debug\DeltaFList-PUCCH.obj"
         "Debug\DeltaTxD-OffsetListPUCCH-r10.obj"
         "Debug\DeltaTxD-OffsetListPUCCH-v1130.obj"
         Debug\der_encoder.obj
         "Debug\DL-AM-RLC-NB-r13.obj"
         "Debug\DL-AM-RLC.obj"
         "Debug\DL-Bitmap-NB-r13.obj"
         "Debug\DL-CarrierConfigCommon-NB-r14.obj"
         "Debug\DL-CarrierConfigDedicated-NB-r13.obj"
         "Debug\DL-CCCH-Message-NB.obj"
         "Debug\DL-CCCH-Message.obj"
         "Debug\DL-CCCH-MessageType-NB.obj"
         "Debug\DL-CCCH-MessageType.obj"
         "Debug\DL-ConfigCommon-NB-r14.obj"
         "Debug\DL-ConfigCommonList-NB-r14.obj"
         "Debug\DL-DCCH-Message-NB.obj"
         "Debug\DL-DCCH-Message.obj"
         "Debug\DL-DCCH-MessageType-NB.obj"
         "Debug\DL-DCCH-MessageType.obj"
         "Debug\DL-GapConfig-NB-r13.obj"
         "Debug\DL-UM-RLC.obj"
         "Debug\DLInformationTransfer-NB-r13-IEs.obj"
         "Debug\DLInformationTransfer-NB.obj"
         "Debug\DLInformationTransfer-r8-IEs.obj"
         "Debug\DLInformationTransfer-v8a0-IEs.obj"
         Debug\DLInformationTransfer.obj
         "Debug\DMRS-Config-r11.obj"
         "Debug\DMRS-Config-v1310.obj"
         "Debug\DRB-CountInfo.obj"
         "Debug\DRB-CountInfoList.obj"
         "Debug\DRB-CountMSB-Info.obj"
         "Debug\DRB-CountMSB-InfoList.obj"
         "Debug\DRB-Identity.obj"
         "Debug\DRB-InfoListSCG-r12.obj"
         "Debug\DRB-InfoSCG-r12.obj"
         "Debug\DRB-ToAddMod-NB-r13.obj"
         "Debug\DRB-ToAddMod.obj"
         "Debug\DRB-ToAddModList-NB-r13.obj"
         "Debug\DRB-ToAddModList.obj"
         "Debug\DRB-ToAddModListSCG-r12.obj"
         "Debug\DRB-ToAddModSCG-r12.obj"
         "Debug\DRB-ToReleaseList-NB-r13.obj"
         "Debug\DRB-ToReleaseList.obj"
         "Debug\DRX-Config-NB-r13.obj"
         "Debug\DRX-Config-r13.obj"
         "Debug\DRX-Config-v1130.obj"
         "Debug\DRX-Config-v1310.obj"
         "Debug\DRX-Config.obj"
         "Debug\E-CSFB-r9.obj"
         "Debug\EAB-Config-r11.obj"
         "Debug\EAB-ConfigPLMN-r11.obj"
         "Debug\EIMTA-MainConfig-r12.obj"
         "Debug\EIMTA-MainConfigServCell-r12.obj"
         "Debug\Enable256QAM-r14.obj"
         "Debug\EPDCCH-Config-r11.obj"
         "Debug\EPDCCH-SetConfig-r11.obj"
         "Debug\EPDCCH-SetConfigId-r11.obj"
         "Debug\EPDCCH-SetConfigToAddModList-r11.obj"
         "Debug\EPDCCH-SetConfigToReleaseList-r11.obj"
         "Debug\EstablishmentCause-NB-r13.obj"
         Debug\EstablishmentCause.obj
         Debug\ExplicitListOfARFCNs.obj
         "Debug\FailureReportSCG-r12.obj"
         "Debug\FailureReportSCG-v12d0.obj"
         "Debug\FeMBMS-Unicast-Parameters-r14.obj"
         Debug\FilterCoefficient.obj
         "Debug\Format4-resource-r13.obj"
         "Debug\Format5-resource-r13.obj"
         "Debug\FreqBandIndicator-NB-r13.obj"
         "Debug\FreqBandIndicator-r11.obj"
         "Debug\FreqBandIndicator-UTRA-FDD.obj"
         "Debug\FreqBandIndicator-v9e0.obj"
         Debug\FreqBandIndicator.obj
         "Debug\FreqBandIndicatorListEUTRA-r12.obj"
         "Debug\FreqHoppingParameters-r13.obj"
         "Debug\FreqPriorityEUTRA-r12.obj"
         "Debug\FreqPriorityEUTRA-v1310.obj"
         "Debug\FreqPriorityEUTRA-v9e0.obj"
         Debug\FreqPriorityEUTRA.obj
         "Debug\FreqPriorityListEUTRA-v1310.obj"
         Debug\FreqPriorityListEUTRA.obj
         "Debug\FreqPriorityListExtEUTRA-r12.obj"
         "Debug\FreqPriorityListExtEUTRA-v1310.obj"
         "Debug\FreqPriorityListUTRA-FDD.obj"
         "Debug\FreqPriorityListUTRA-TDD.obj"
         "Debug\FreqPriorityUTRA-FDD.obj"
         "Debug\FreqPriorityUTRA-TDD.obj"
         Debug\FreqsPriorityGERAN.obj
         Debug\FreqsPriorityListGERAN.obj
         "Debug\Guardband-NB-r13.obj"
         Debug\Handover.obj
         "Debug\HandoverCommand-r8-IEs.obj"
         Debug\HandoverCommand.obj
         "Debug\HandoverFromEUTRAPreparationRequest-r8-IEs.obj"
         "Debug\HandoverFromEUTRAPreparationRequest-v1020-IEs.obj"
         "Debug\HandoverFromEUTRAPreparationRequest-v890-IEs.obj"
         "Debug\HandoverFromEUTRAPreparationRequest-v920-IEs.obj"
         Debug\HandoverFromEUTRAPreparationRequest.obj
         "Debug\HandoverPreparationInformation-NB-Ext-r14-IEs.obj"
         "Debug\HandoverPreparationInformation-NB-IEs.obj"
         "Debug\HandoverPreparationInformation-NB-v1380-IEs.obj"
         "Debug\HandoverPreparationInformation-NB.obj"
         "Debug\HandoverPreparationInformation-r8-IEs.obj"
         "Debug\HandoverPreparationInformation-v10j0-IEs.obj"
         "Debug\HandoverPreparationInformation-v10x0-IEs.obj"
         "Debug\HandoverPreparationInformation-v1130-IEs.obj"
         "Debug\HandoverPreparationInformation-v1250-IEs.obj"
         "Debug\HandoverPreparationInformation-v1320-IEs.obj"
         "Debug\HandoverPreparationInformation-v13c0-IEs.obj"
         "Debug\HandoverPreparationInformation-v1430-IEs.obj"
         "Debug\HandoverPreparationInformation-v920-IEs.obj"
         "Debug\HandoverPreparationInformation-v9d0-IEs.obj"
         "Debug\HandoverPreparationInformation-v9e0-IEs.obj"
         "Debug\HandoverPreparationInformation-v9j0-IEs.obj"
         Debug\HandoverPreparationInformation.obj
         "Debug\HighSpeedConfig-r14.obj"
         "Debug\HighSpeedConfigSCell-r14.obj"
         "Debug\HighSpeedEnhParameters-r14.obj"
         Debug\Hysteresis.obj
         "Debug\IDC-Config-r11.obj"
         "Debug\IDC-SubframePattern-r11.obj"
         "Debug\IDC-SubframePatternList-r11.obj"
         "Debug\IdleModeMobilityControlInfo-v9e0.obj"
         Debug\IdleModeMobilityControlInfo.obj
         "Debug\IKE-Identity-r13.obj"
         "Debug\IMSI-Digit.obj"
         Debug\IMSI.obj
         "Debug\Inband-DifferentPCI-NB-r13.obj"
         "Debug\Inband-SamePCI-NB-r13.obj"
         "Debug\InDeviceCoexIndication-r11-IEs.obj"
         "Debug\InDeviceCoexIndication-r11.obj"
         "Debug\InDeviceCoexIndication-v11d0-IEs.obj"
         "Debug\InDeviceCoexIndication-v1310-IEs.obj"
         "Debug\InDeviceCoexIndication-v1360-IEs.obj"
         "Debug\InitialUE-Identity.obj"
         Debug\INTEGER.obj
         Debug\InterFreqBandInfo.obj
         Debug\InterFreqBandList.obj
         "Debug\InterFreqBlackCellList-NB-r13.obj"
         Debug\InterFreqBlackCellList.obj
         "Debug\InterFreqCarrierFreqInfo-NB-r13.obj"
         "Debug\InterFreqCarrierFreqInfo-r12.obj"
         "Debug\InterFreqCarrierFreqInfo-v10j0.obj"
         "Debug\InterFreqCarrierFreqInfo-v10l0.obj"
         "Debug\InterFreqCarrierFreqInfo-v1250.obj"
         "Debug\InterFreqCarrierFreqInfo-v1310.obj"
         "Debug\InterFreqCarrierFreqInfo-v1350.obj"
         "Debug\InterFreqCarrierFreqInfo-v1360.obj"
         "Debug\InterFreqCarrierFreqInfo-v8h0.obj"
         "Debug\InterFreqCarrierFreqInfo-v9e0.obj"
         Debug\InterFreqCarrierFreqInfo.obj
         "Debug\InterFreqCarrierFreqList-NB-r13.obj"
         "Debug\InterFreqCarrierFreqList-v1250.obj"
         "Debug\InterFreqCarrierFreqList-v1310.obj"
         "Debug\InterFreqCarrierFreqList-v1350.obj"
         "Debug\InterFreqCarrierFreqList-v13a0.obj"
         Debug\InterFreqCarrierFreqList.obj
         "Debug\InterFreqCarrierFreqListExt-r12.obj"
         "Debug\InterFreqCarrierFreqListExt-v1280.obj"
         "Debug\InterFreqCarrierFreqListExt-v1310.obj"
         "Debug\InterFreqCarrierFreqListExt-v1350.obj"
         "Debug\InterFreqCarrierFreqListExt-v1360.obj"
         Debug\InterFreqNeighCellInfo.obj
         "Debug\InterFreqNeighCellList-NB-r13.obj"
         Debug\InterFreqNeighCellList.obj
         "Debug\InterFreqRSTDMeasurementIndication-r10-IEs.obj"
         "Debug\InterFreqRSTDMeasurementIndication-r10.obj"
         "Debug\InterRAT-BandInfo.obj"
         "Debug\InterRAT-BandList.obj"
         "Debug\IntraBandContiguousCC-Info-r12.obj"
         Debug\IntraFreqBlackCellList.obj
         "Debug\IntraFreqCellReselectionInfo-NB-v1350.obj"
         "Debug\IntraFreqCellReselectionInfo-NB-v1360.obj"
         "Debug\IntraFreqCellReselectionInfo-NB-v1430.obj"
         Debug\IntraFreqNeighCellInfo.obj
         Debug\IntraFreqNeighCellList.obj
         "Debug\IP-Address-r13.obj"
         "Debug\IRAT-ParametersCDMA2000-1XRTT-v1020.obj"
         "Debug\IRAT-ParametersCDMA2000-1XRTT-v920.obj"
         "Debug\IRAT-ParametersCDMA2000-1XRTT.obj"
         "Debug\IRAT-ParametersCDMA2000-HRPD.obj"
         "Debug\IRAT-ParametersCDMA2000-v1130.obj"
         "Debug\IRAT-ParametersGERAN-v920.obj"
         "Debug\IRAT-ParametersGERAN.obj"
         "Debug\IRAT-ParametersUTRA-FDD.obj"
         "Debug\IRAT-ParametersUTRA-TDD-v1020.obj"
         "Debug\IRAT-ParametersUTRA-TDD128.obj"
         "Debug\IRAT-ParametersUTRA-TDD384.obj"
         "Debug\IRAT-ParametersUTRA-TDD768.obj"
         "Debug\IRAT-ParametersUTRA-v920.obj"
         "Debug\IRAT-ParametersUTRA-v9c0.obj"
         "Debug\IRAT-ParametersUTRA-v9h0.obj"
         "Debug\IRAT-ParametersWLAN-r13.obj"
         "Debug\Key-eNodeB-Star.obj"
         "Debug\LAA-Parameters-r13.obj"
         "Debug\LAA-Parameters-v1430.obj"
         "Debug\LAA-SCellConfiguration-r13.obj"
         "Debug\LAA-SCellConfiguration-v1430.obj"
         "Debug\LBT-Config-r14.obj"
         "Debug\LocationInfo-r10.obj"
         "Debug\LoggedMeasurementConfiguration-r10-IEs.obj"
         "Debug\LoggedMeasurementConfiguration-r10.obj"
         "Debug\LoggedMeasurementConfiguration-v1080-IEs.obj"
         "Debug\LoggedMeasurementConfiguration-v1130-IEs.obj"
         "Debug\LoggedMeasurementConfiguration-v1250-IEs.obj"
         "Debug\LoggingDuration-r10.obj"
         "Debug\LoggingInterval-r10.obj"
         "Debug\LogicalChannelConfig-NB-r13.obj"
         Debug\LogicalChannelConfig.obj
         "Debug\LogicalChGroupInfoList-r13.obj"
         "Debug\LogMeasInfo-r10.obj"
         "Debug\LogMeasInfoList-r10.obj"
         "Debug\LogMeasInfoList2-r10.obj"
         "Debug\LogMeasReport-r10.obj"
         "Debug\LWA-Config-r13.obj"
         "Debug\LWA-Configuration-r13.obj"
         "Debug\LWA-Parameters-r13.obj"
         "Debug\LWA-Parameters-v1430.obj"
         "Debug\LWA-Parameters-v1440.obj"
         "Debug\LWIP-Config-r13.obj"
         "Debug\LWIP-Configuration-r13.obj"
         "Debug\LWIP-Parameters-r13.obj"
         "Debug\LWIP-Parameters-v1430.obj"
         "Debug\MAC-MainConfig-NB-r13.obj"
         "Debug\MAC-MainConfig.obj"
         "Debug\MAC-MainConfigSCell-r11.obj"
         "Debug\MAC-MainConfigSL-r12.obj"
         "Debug\MAC-Parameters-NB-r14.obj"
         "Debug\MAC-Parameters-r12.obj"
         "Debug\MAC-Parameters-v1310.obj"
         "Debug\MAC-Parameters-v1430.obj"
         "Debug\MAC-Parameters-v1440.obj"
         "Debug\MasterInformationBlock-MBMS-r14.obj"
         "Debug\MasterInformationBlock-NB.obj"
         "Debug\MasterInformationBlock-SL-V2X-r14.obj"
         "Debug\MasterInformationBlock-SL.obj"
         Debug\MasterInformationBlock.obj
         "Debug\MBMS-CarrierType-r14.obj"
         "Debug\MBMS-InterFreqCarrierTypeList-r14.obj"
         "Debug\MBMS-NotificationConfig-r9.obj"
         "Debug\MBMS-NotificationConfig-v1430.obj"
         "Debug\MBMS-Parameters-r11.obj"
         "Debug\MBMS-Parameters-v1250.obj"
         "Debug\MBMS-Parameters-v1430.obj"
         "Debug\MBMS-Parameters-v1470.obj"
         "Debug\MBMS-SAI-InterFreq-NB-r14.obj"
         "Debug\MBMS-SAI-InterFreq-r11.obj"
         "Debug\MBMS-SAI-InterFreq-v1140.obj"
         "Debug\MBMS-SAI-InterFreqList-NB-r14.obj"
         "Debug\MBMS-SAI-InterFreqList-r11.obj"
         "Debug\MBMS-SAI-InterFreqList-v1140.obj"
         "Debug\MBMS-SAI-List-r11.obj"
         "Debug\MBMS-SAI-r11.obj"
         "Debug\MBMS-ServiceInfo-r13.obj"
         "Debug\MBMS-ServiceList-r13.obj"
         "Debug\MBMS-SessionInfo-r9.obj"
         "Debug\MBMS-SessionInfoList-r9.obj"
         "Debug\MBMSCountingRequest-r10.obj"
         "Debug\MBMSCountingResponse-r10-IEs.obj"
         "Debug\MBMSCountingResponse-r10.obj"
         "Debug\MBMSInterestIndication-r11-IEs.obj"
         "Debug\MBMSInterestIndication-r11.obj"
         "Debug\MBMSInterestIndication-v1310-IEs.obj"
         "Debug\MBMSSessionInfo-r13.obj"
         "Debug\MBSFN-AreaId-r12.obj"
         "Debug\MBSFN-AreaInfo-r9.obj"
         "Debug\MBSFN-AreaInfoList-r9.obj"
         "Debug\MBSFN-RSRQ-Range-r12.obj"
         "Debug\MBSFN-SubframeConfig-v1430.obj"
         "Debug\MBSFN-SubframeConfig.obj"
         "Debug\MBSFN-SubframeConfigList-v1430.obj"
         "Debug\MBSFN-SubframeConfigList.obj"
         "Debug\MBSFNAreaConfiguration-r9.obj"
         "Debug\MBSFNAreaConfiguration-v1250-IEs.obj"
         "Debug\MBSFNAreaConfiguration-v1430-IEs.obj"
         "Debug\MBSFNAreaConfiguration-v930-IEs.obj"
         "Debug\MCC-MNC-Digit.obj"
         Debug\MCC.obj
         "Debug\MCCH-Message.obj"
         "Debug\MCCH-MessageType.obj"
         Debug\MeasConfig.obj
         "Debug\MeasCSI-RS-Config-r12.obj"
         "Debug\MeasCSI-RS-Id-r12.obj"
         "Debug\MeasCSI-RS-ToAddModList-r12.obj"
         "Debug\MeasCSI-RS-ToRemoveList-r12.obj"
         "Debug\MeasCycleSCell-r10.obj"
         "Debug\MeasDS-Config-r12.obj"
         Debug\MeasGapConfig.obj
         "Debug\MeasGapConfigPerCC-List-r14.obj"
         "Debug\MeasGapConfigPerCC-r14.obj"
         "Debug\MeasGapConfigToAddModList-r14.obj"
         "Debug\MeasGapConfigToRemoveList-r14.obj"
         "Debug\MeasGapSharingConfig-r14.obj"
         "Debug\MeasId-v1250.obj"
         Debug\MeasId.obj
         "Debug\MeasIdToAddMod-v1310.obj"
         Debug\MeasIdToAddMod.obj
         "Debug\MeasIdToAddModExt-r12.obj"
         "Debug\MeasIdToAddModList-v1310.obj"
         Debug\MeasIdToAddModList.obj
         "Debug\MeasIdToAddModListExt-r12.obj"
         "Debug\MeasIdToAddModListExt-v1310.obj"
         Debug\MeasIdToRemoveList.obj
         "Debug\MeasIdToRemoveListExt-r12.obj"
         Debug\MeasObjectCDMA2000.obj
         "Debug\MeasObjectEUTRA-v9e0.obj"
         Debug\MeasObjectEUTRA.obj
         Debug\MeasObjectGERAN.obj
         "Debug\MeasObjectId-r13.obj"
         "Debug\MeasObjectId-v1310.obj"
         Debug\MeasObjectId.obj
         "Debug\MeasObjectToAddMod-v9e0.obj"
         Debug\MeasObjectToAddMod.obj
         "Debug\MeasObjectToAddModExt-r13.obj"
         "Debug\MeasObjectToAddModList-v9e0.obj"
         Debug\MeasObjectToAddModList.obj
         "Debug\MeasObjectToAddModListExt-r13.obj"
         Debug\MeasObjectToRemoveList.obj
         "Debug\MeasObjectToRemoveListExt-r13.obj"
         Debug\MeasObjectUTRA.obj
         "Debug\MeasObjectWLAN-r13.obj"
         "Debug\MeasParameters-v1020.obj"
         "Debug\MeasParameters-v1130.obj"
         "Debug\MeasParameters-v11a0.obj"
         "Debug\MeasParameters-v1250.obj"
         "Debug\MeasParameters-v1310.obj"
         "Debug\MeasParameters-v1430.obj"
         Debug\MeasParameters.obj
         "Debug\MeasResult2CDMA2000-r9.obj"
         "Debug\MeasResult2EUTRA-r9.obj"
         "Debug\MeasResult2EUTRA-v1250.obj"
         "Debug\MeasResult2EUTRA-v9e0.obj"
         "Debug\MeasResult2UTRA-r9.obj"
         "Debug\MeasResultCBR-r14.obj"
         Debug\MeasResultCDMA2000.obj
         "Debug\MeasResultCSI-RS-List-r12.obj"
         "Debug\MeasResultCSI-RS-r12.obj"
         Debug\MeasResultEUTRA.obj
         "Debug\MeasResultForECID-r9.obj"
         "Debug\MeasResultForRSSI-r13.obj"
         Debug\MeasResultGERAN.obj
         "Debug\MeasResultList2CDMA2000-r9.obj"
         "Debug\MeasResultList2EUTRA-r9.obj"
         "Debug\MeasResultList2EUTRA-v1250.obj"
         "Debug\MeasResultList2EUTRA-v9e0.obj"
         "Debug\MeasResultList2GERAN-r10.obj"
         "Debug\MeasResultList2UTRA-r9.obj"
         "Debug\MeasResultListCBR-r14.obj"
         Debug\MeasResultListCDMA2000.obj
         Debug\MeasResultListEUTRA.obj
         Debug\MeasResultListGERAN.obj
         "Debug\MeasResultListMBSFN-r12.obj"
         "Debug\MeasResultListRSSI-SCG-r13.obj"
         Debug\MeasResultListUTRA.obj
         "Debug\MeasResultListWLAN-r13.obj"
         "Debug\MeasResultListWLAN-r14.obj"
         "Debug\MeasResultMBSFN-r12.obj"
         "Debug\MeasResultRSSI-SCG-r13.obj"
         Debug\MeasResults.obj
         Debug\MeasResultsCDMA2000.obj
         "Debug\MeasResultServCell-NB-r14.obj"
         "Debug\MeasResultServCellListSCG-Ext-r13.obj"
         "Debug\MeasResultServCellListSCG-r12.obj"
         "Debug\MeasResultServCellSCG-r12.obj"
         "Debug\MeasResultServFreq-r10.obj"
         "Debug\MeasResultServFreq-r13.obj"
         "Debug\MeasResultServFreqList-r10.obj"
         "Debug\MeasResultServFreqListExt-r13.obj"
         "Debug\MeasResultSSTD-r13.obj"
         Debug\MeasResultUTRA.obj
         "Debug\MeasResultWLAN-r13.obj"
         "Debug\MeasRSSI-ReportConfig-r13.obj"
         "Debug\MeasScaleFactor-r12.obj"
         "Debug\MeasSubframeCellList-r10.obj"
         "Debug\MeasSubframePattern-r10.obj"
         "Debug\MeasSubframePatternConfigNeigh-r10.obj"
         "Debug\MeasSubframePatternPCell-r10.obj"
         "Debug\MeasurementReport-r8-IEs.obj"
         "Debug\MeasurementReport-v8a0-IEs.obj"
         Debug\MeasurementReport.obj
         "Debug\MIMO-BeamformedCapabilities-r13.obj"
         "Debug\MIMO-BeamformedCapabilityList-r13.obj"
         "Debug\MIMO-CA-ParametersPerBoBC-r13.obj"
         "Debug\MIMO-CA-ParametersPerBoBC-v1430.obj"
         "Debug\MIMO-CA-ParametersPerBoBC-v1470.obj"
         "Debug\MIMO-CA-ParametersPerBoBCPerTM-r13.obj"
         "Debug\MIMO-CA-ParametersPerBoBCPerTM-v1430.obj"
         "Debug\MIMO-CA-ParametersPerBoBCPerTM-v1470.obj"
         "Debug\MIMO-CapabilityDL-r10.obj"
         "Debug\MIMO-CapabilityUL-r10.obj"
         "Debug\MIMO-NonPrecodedCapabilities-r13.obj"
         "Debug\MIMO-UE-BeamformedCapabilities-r13.obj"
         "Debug\MIMO-UE-Parameters-r13.obj"
         "Debug\MIMO-UE-Parameters-v1430.obj"
         "Debug\MIMO-UE-Parameters-v1470.obj"
         "Debug\MIMO-UE-ParametersPerTM-r13.obj"
         "Debug\MIMO-UE-ParametersPerTM-v1430.obj"
         "Debug\MIMO-UE-ParametersPerTM-v1470.obj"
         Debug\MMEC.obj
         "Debug\MMTEL-Parameters-r14.obj"
         Debug\MNC.obj
         "Debug\MobilityControlInfo-v10l0.obj"
         Debug\MobilityControlInfo.obj
         "Debug\MobilityControlInfoSCG-r12.obj"
         "Debug\MobilityControlInfoV2X-r14.obj"
         "Debug\MobilityFromEUTRACommand-r8-IEs.obj"
         "Debug\MobilityFromEUTRACommand-r9-IEs.obj"
         "Debug\MobilityFromEUTRACommand-v8a0-IEs.obj"
         "Debug\MobilityFromEUTRACommand-v8d0-IEs.obj"
         "Debug\MobilityFromEUTRACommand-v930-IEs.obj"
         "Debug\MobilityFromEUTRACommand-v960-IEs.obj"
         Debug\MobilityFromEUTRACommand.obj
         "Debug\MobilityHistoryReport-r12.obj"
         "Debug\MobilityParameters-r14.obj"
         Debug\MobilityParametersCDMA2000.obj
         Debug\MobilityStateParameters.obj
         "Debug\MultiBandInfo-NB-r13.obj"
         "Debug\MultiBandInfo-v9e0.obj"
         "Debug\MultiBandInfoList-NB-r13.obj"
         "Debug\MultiBandInfoList-r11.obj"
         "Debug\MultiBandInfoList-v10j0.obj"
         "Debug\MultiBandInfoList-v10l0.obj"
         "Debug\MultiBandInfoList-v9e0.obj"
         Debug\MultiBandInfoList.obj
         "Debug\MUST-Parameters-r14.obj"
         "Debug\N1PUCCH-AN-CS-r10.obj"
         "Debug\N1PUCCH-AN-InfoList-r13.obj"
         "Debug\N1PUCCH-AN-PersistentList.obj"
         "Debug\NAICS-AssistanceInfo-r12.obj"
         "Debug\NAICS-Capability-Entry-r12.obj"
         "Debug\NAICS-Capability-List-r12.obj"
         Debug\NativeEnumerated.obj
         Debug\NativeInteger.obj
         "Debug\NeighCellCDMA2000-r11.obj"
         "Debug\NeighCellCDMA2000-v920.obj"
         Debug\NeighCellCDMA2000.obj
         Debug\NeighCellConfig.obj
         "Debug\NeighCellListCDMA2000-v920.obj"
         Debug\NeighCellListCDMA2000.obj
         "Debug\NeighCellsCRS-Info-r11.obj"
         "Debug\NeighCellsCRS-Info-r13.obj"
         "Debug\NeighCellSI-AcquisitionParameters-r9.obj"
         "Debug\NeighCellsInfo-r12.obj"
         "Debug\NeighCellsPerBandclassCDMA2000-r11.obj"
         "Debug\NeighCellsPerBandclassCDMA2000-v920.obj"
         Debug\NeighCellsPerBandclassCDMA2000.obj
         "Debug\NeighCellsPerBandclassListCDMA2000-v920.obj"
         Debug\NeighCellsPerBandclassListCDMA2000.obj
         "Debug\NeighCellsToAddModList-r12.obj"
         "Debug\NeighCellsToReleaseList-r12.obj"
         Debug\NextHopChainingCount.obj
         "Debug\NonContiguousUL-RA-WithinCC-List-r10.obj"
         "Debug\NonContiguousUL-RA-WithinCC-r10.obj"
         "Debug\NonMBSFN-SubframeConfig-r14.obj"
         "Debug\NPDCCH-ConfigDedicated-NB-r13.obj"
         "Debug\NPDCCH-SC-MCCH-Config-NB-r14.obj"
         "Debug\NPDSCH-ConfigCommon-NB-r13.obj"
         "Debug\NPRACH-ConfigSIB-NB-r13.obj"
         "Debug\NPRACH-ConfigSIB-NB-v1330.obj"
         "Debug\NPRACH-ConfigSIB-NB-v1450.obj"
         "Debug\NPRACH-Parameters-NB-r13.obj"
         "Debug\NPRACH-Parameters-NB-r14.obj"
         "Debug\NPRACH-Parameters-NB-v1330.obj"
         "Debug\NPRACH-ParametersList-NB-r13.obj"
         "Debug\NPRACH-ParametersList-NB-r14.obj"
         "Debug\NPRACH-ParametersList-NB-v1330.obj"
         "Debug\NPRACH-ProbabilityAnchor-NB-r14.obj"
         "Debug\NPRACH-ProbabilityAnchorList-NB-r14.obj"
         "Debug\NPUSCH-ConfigCommon-NB-r13.obj"
         "Debug\NPUSCH-ConfigDedicated-NB-r13.obj"
         "Debug\NRSRP-Range-NB-r14.obj"
         "Debug\NRSRQ-Range-NB-r14.obj"
         "Debug\NS-PmaxList-NB-r13.obj"
         "Debug\NS-PmaxList-r10.obj"
         "Debug\NS-PmaxList-v10l0.obj"
         "Debug\NS-PmaxValue-NB-r13.obj"
         "Debug\NS-PmaxValue-r10.obj"
         "Debug\NS-PmaxValue-v10l0.obj"
         Debug\NULL.obj
         "Debug\NumberOfPreamblesSent-r11.obj"
         "Debug\NZP-FrequencyDensity-r14.obj"
         "Debug\NZP-ResourceConfig-r13.obj"
         "Debug\NZP-TransmissionComb-r14.obj"
         "Debug\ObtainLocationConfig-r11.obj"
         Debug\OCTET_STRING.obj
         Debug\OPEN_TYPE.obj
         "Debug\OTDOA-PositioningCapabilities-r10.obj"
         "Debug\Other-Parameters-r11.obj"
         "Debug\Other-Parameters-v11d0.obj"
         "Debug\Other-Parameters-v1360.obj"
         "Debug\Other-Parameters-v1430.obj"
         "Debug\Other-Parameters-v1460.obj"
         "Debug\OtherConfig-r9.obj"
         "Debug\OtherParameters-v1450.obj"
         "Debug\OverheatingAssistance-r14.obj"
         "Debug\P-a.obj"
         "Debug\P-C-AndCBSR-Pair-r13.obj"
         "Debug\P-C-AndCBSR-Pair-r13a.obj"
         "Debug\P-C-AndCBSR-r11.obj"
         "Debug\P-C-AndCBSR-r13.obj"
         "Debug\P-Max.obj"
         "Debug\P0-SL-r12.obj"
         "Debug\Paging-NB.obj"
         "Debug\Paging-v1130-IEs.obj"
         "Debug\Paging-v1310-IEs.obj"
         "Debug\Paging-v890-IEs.obj"
         "Debug\Paging-v920-IEs.obj"
         Debug\Paging.obj
         "Debug\PagingRecord-NB-r13.obj"
         Debug\PagingRecord.obj
         "Debug\PagingRecordList-NB-r13.obj"
         Debug\PagingRecordList.obj
         "Debug\PagingUE-Identity.obj"
         "Debug\PagingWeight-NB-r14.obj"
         "Debug\ParametersCDMA2000-r11.obj"
         "Debug\PCCH-Config-NB-r13.obj"
         "Debug\PCCH-Config-NB-r14.obj"
         "Debug\PCCH-Config-v1310.obj"
         "Debug\PCCH-Config.obj"
         "Debug\PCCH-Message-NB.obj"
         "Debug\PCCH-Message.obj"
         "Debug\PCCH-MessageType-NB.obj"
         "Debug\PCCH-MessageType.obj"
         "Debug\PCI-ARFCN-NB-r14.obj"
         "Debug\PCI-ARFCN-r13.obj"
         "Debug\PDCCH-CandidateReductions-r13.obj"
         "Debug\PDCCH-CandidateReductionsLAA-UL-r14.obj"
         "Debug\PDCCH-CandidateReductionValue-r13.obj"
         "Debug\PDCCH-CandidateReductionValue-r14.obj"
         "Debug\PDCCH-ConfigLAA-r14.obj"
         "Debug\PDCCH-ConfigSCell-r13.obj"
         "Debug\PDCP-Config-NB-r13.obj"
         "Debug\PDCP-Config.obj"
         "Debug\PDCP-Parameters-NB-r13.obj"
         "Debug\PDCP-Parameters-v1130.obj"
         "Debug\PDCP-Parameters-v1310.obj"
         "Debug\PDCP-Parameters-v1430.obj"
         "Debug\PDCP-Parameters.obj"
         "Debug\PDSCH-ConfigCommon-v1310.obj"
         "Debug\PDSCH-ConfigCommon.obj"
         "Debug\PDSCH-ConfigDedicated-v1130.obj"
         "Debug\PDSCH-ConfigDedicated-v1280.obj"
         "Debug\PDSCH-ConfigDedicated-v1310.obj"
         "Debug\PDSCH-ConfigDedicated-v1430.obj"
         "Debug\PDSCH-ConfigDedicated.obj"
         "Debug\PDSCH-ConfigDedicatedSCell-v1430.obj"
         "Debug\PDSCH-RE-MappingQCL-Config-r11.obj"
         "Debug\PDSCH-RE-MappingQCL-ConfigId-r11.obj"
         "Debug\PerCC-GapIndication-r14.obj"
         "Debug\PerCC-GapIndicationList-r14.obj"
         "Debug\PeriodicBSR-Timer-NB-r13.obj"
         "Debug\PeriodicBSR-Timer-r12.obj"
         Debug\per_decoder.obj
         Debug\per_encoder.obj
         Debug\per_opentype.obj
         Debug\per_support.obj
         "Debug\PHICH-Config.obj"
         "Debug\PhyLayerParameters-NB-r13.obj"
         "Debug\PhyLayerParameters-NB-v1430.obj"
         "Debug\PhyLayerParameters-NB-v1440.obj"
         "Debug\PhyLayerParameters-v1020.obj"
         "Debug\PhyLayerParameters-v1130.obj"
         "Debug\PhyLayerParameters-v1170.obj"
         "Debug\PhyLayerParameters-v1250.obj"
         "Debug\PhyLayerParameters-v1280.obj"
         "Debug\PhyLayerParameters-v1310.obj"
         "Debug\PhyLayerParameters-v1320.obj"
         "Debug\PhyLayerParameters-v1330.obj"
         "Debug\PhyLayerParameters-v1430.obj"
         "Debug\PhyLayerParameters-v1450.obj"
         "Debug\PhyLayerParameters-v1470.obj"
         "Debug\PhyLayerParameters-v14a0.obj"
         "Debug\PhyLayerParameters-v920.obj"
         "Debug\PhyLayerParameters-v9d0.obj"
         Debug\PhyLayerParameters.obj
         Debug\PhysCellId.obj
         Debug\PhysCellIdCDMA2000.obj
         Debug\PhysCellIdGERAN.obj
         "Debug\PhysCellIdList-r13.obj"
         "Debug\PhysCellIdListCDMA2000-v920.obj"
         Debug\PhysCellIdListCDMA2000.obj
         Debug\PhysCellIdRange.obj
         "Debug\PhysCellIdRangeUTRA-FDD-r9.obj"
         "Debug\PhysCellIdRangeUTRA-FDDList-r9.obj"
         "Debug\PhysCellIdUTRA-FDD.obj"
         "Debug\PhysCellIdUTRA-TDD.obj"
         "Debug\PhysicalConfigDedicated-NB-r13.obj"
         "Debug\PhysicalConfigDedicated-v1370.obj"
         "Debug\PhysicalConfigDedicated-v13c0.obj"
         Debug\PhysicalConfigDedicated.obj
         "Debug\PhysicalConfigDedicatedSCell-r10.obj"
         "Debug\PhysicalConfigDedicatedSCell-v1370.obj"
         "Debug\PhysicalConfigDedicatedSCell-v13c0.obj"
         "Debug\PLMN-Identity.obj"
         "Debug\PLMN-IdentityInfo-NB-r13.obj"
         "Debug\PLMN-IdentityInfo.obj"
         "Debug\PLMN-IdentityInfo2-r12.obj"
         "Debug\PLMN-IdentityList-MBMS-r14.obj"
         "Debug\PLMN-IdentityList-NB-r13.obj"
         "Debug\PLMN-IdentityList.obj"
         "Debug\PLMN-IdentityList2.obj"
         "Debug\PLMN-IdentityList3-r11.obj"
         "Debug\PLMN-IdentityList4-r12.obj"
         "Debug\PMCH-Config-r12.obj"
         "Debug\PMCH-Config-r9.obj"
         "Debug\PMCH-Info-r9.obj"
         "Debug\PMCH-InfoExt-r12.obj"
         "Debug\PMCH-InfoList-r9.obj"
         "Debug\PMCH-InfoListExt-r12.obj"
         "Debug\PollByte-r14.obj"
         Debug\PollByte.obj
         "Debug\PollPDU-v1310.obj"
         Debug\PollPDU.obj
         "Debug\PowerCoordinationInfo-r12.obj"
         "Debug\PowerPrefIndicationConfig-r11.obj"
         "Debug\PowerRampingParameters-NB-v1450.obj"
         Debug\PowerRampingParameters.obj
         "Debug\PRACH-Config-v1310.obj"
         "Debug\PRACH-Config-v1430.obj"
         "Debug\PRACH-Config.obj"
         "Debug\PRACH-ConfigInfo.obj"
         "Debug\PRACH-ConfigSCell-r10.obj"
         "Debug\PRACH-ConfigSIB-v1310.obj"
         "Debug\PRACH-ConfigSIB.obj"
         "Debug\PRACH-ParametersCE-r13.obj"
         "Debug\PRACH-ParametersListCE-r13.obj"
         Debug\PreambleTransMax.obj
         Debug\PreRegistrationInfoHRPD.obj
         Debug\PreRegistrationZoneIdHRPD.obj
         Debug\PresenceAntennaPort1.obj
         "Debug\ProximityIndication-r9-IEs.obj"
         "Debug\ProximityIndication-r9.obj"
         "Debug\ProximityIndication-v930-IEs.obj"
         "Debug\PSCellToAddMod-r12.obj"
         "Debug\PSCellToAddMod-v12f0.obj"
         "Debug\PSCellToAddMod-v1440.obj"
         "Debug\PUCCH-ConfigCommon-v1310.obj"
         "Debug\PUCCH-ConfigCommon-v1430.obj"
         "Debug\PUCCH-ConfigCommon.obj"
         "Debug\PUCCH-ConfigDedicated-r13.obj"
         "Debug\PUCCH-ConfigDedicated-v1020.obj"
         "Debug\PUCCH-ConfigDedicated-v1130.obj"
         "Debug\PUCCH-ConfigDedicated-v1250.obj"
         "Debug\PUCCH-ConfigDedicated-v1370.obj"
         "Debug\PUCCH-ConfigDedicated-v13c0.obj"
         "Debug\PUCCH-ConfigDedicated-v1430.obj"
         "Debug\PUCCH-ConfigDedicated.obj"
         "Debug\PUCCH-Format3-Conf-r13.obj"
         "Debug\PUSCH-ConfigCommon-v1270.obj"
         "Debug\PUSCH-ConfigCommon-v1310.obj"
         "Debug\PUSCH-ConfigCommon.obj"
         "Debug\PUSCH-ConfigDedicated-r13.obj"
         "Debug\PUSCH-ConfigDedicated-v1020.obj"
         "Debug\PUSCH-ConfigDedicated-v1130.obj"
         "Debug\PUSCH-ConfigDedicated-v1250.obj"
         "Debug\PUSCH-ConfigDedicated-v1430.obj"
         "Debug\PUSCH-ConfigDedicated.obj"
         "Debug\PUSCH-ConfigDedicatedSCell-r10.obj"
         "Debug\PUSCH-ConfigDedicatedSCell-v1430.obj"
         "Debug\PUSCH-EnhancementsConfig-r14.obj"
         "Debug\Q-OffsetRange.obj"
         "Debug\Q-OffsetRangeInterRAT.obj"
         "Debug\Q-QualMin-r9.obj"
         "Debug\Q-RxLevMin.obj"
         Debug\QuantityConfig.obj
         Debug\QuantityConfigCDMA2000.obj
         "Debug\QuantityConfigEUTRA-v1250.obj"
         "Debug\QuantityConfigEUTRA-v1310.obj"
         Debug\QuantityConfigEUTRA.obj
         Debug\QuantityConfigGERAN.obj
         "Debug\QuantityConfigUTRA-v1020.obj"
         Debug\QuantityConfigUTRA.obj
         "Debug\QuantityConfigWLAN-r13.obj"
         "Debug\RACH-CE-LevelInfo-r13.obj"
         "Debug\RACH-CE-LevelInfoList-r13.obj"
         "Debug\RACH-ConfigCommon-NB-r13.obj"
         "Debug\RACH-ConfigCommon-v1250.obj"
         "Debug\RACH-ConfigCommon.obj"
         "Debug\RACH-ConfigCommonSCell-r11.obj"
         "Debug\RACH-ConfigDedicated.obj"
         "Debug\RACH-Info-NB-r13.obj"
         "Debug\RACH-InfoList-NB-r13.obj"
         "Debug\RACH-Skip-r14.obj"
         Debug\RadioResourceConfigCommon.obj
         "Debug\RadioResourceConfigCommonPSCell-r12.obj"
         "Debug\RadioResourceConfigCommonPSCell-v12f0.obj"
         "Debug\RadioResourceConfigCommonPSCell-v1440.obj"
         "Debug\RadioResourceConfigCommonSCell-r10.obj"
         "Debug\RadioResourceConfigCommonSCell-v10l0.obj"
         "Debug\RadioResourceConfigCommonSCell-v1440.obj"
         "Debug\RadioResourceConfigCommonSIB-NB-r13.obj"
         Debug\RadioResourceConfigCommonSIB.obj
         "Debug\RadioResourceConfigDedicated-NB-r13.obj"
         "Debug\RadioResourceConfigDedicated-v1370.obj"
         "Debug\RadioResourceConfigDedicated-v13c0.obj"
         Debug\RadioResourceConfigDedicated.obj
         "Debug\RadioResourceConfigDedicatedPSCell-r12.obj"
         "Debug\RadioResourceConfigDedicatedPSCell-v1370.obj"
         "Debug\RadioResourceConfigDedicatedPSCell-v13c0.obj"
         "Debug\RadioResourceConfigDedicatedSCell-r10.obj"
         "Debug\RadioResourceConfigDedicatedSCell-v13c0.obj"
         "Debug\RadioResourceConfigDedicatedSCG-r12.obj"
         "Debug\RAND-CDMA2000.obj"
         "Debug\RAT-Type.obj"
         "Debug\RCLWI-Config-r13.obj"
         "Debug\RCLWI-Configuration-r13.obj"
         "Debug\RE-MappingQCLConfigToAddModList-r11.obj"
         "Debug\RE-MappingQCLConfigToReleaseList-r11.obj"
         "Debug\RedirectedCarrierInfo-NB-r13.obj"
         "Debug\RedirectedCarrierInfo-NB-v1430.obj"
         "Debug\RedirectedCarrierInfo-v9e0.obj"
         Debug\RedirectedCarrierInfo.obj
         "Debug\RedistributionFactor-r13.obj"
         "Debug\RedistributionInterFreqInfo-r13.obj"
         "Debug\RedistributionNeighCell-r13.obj"
         "Debug\RedistributionNeighCellList-r13.obj"
         "Debug\RedistributionServingInfo-r13.obj"
         "Debug\ReestablishmentCause-NB-r13.obj"
         Debug\ReestablishmentCause.obj
         "Debug\ReestablishmentInfo-NB.obj"
         Debug\ReestablishmentInfo.obj
         "Debug\ReestabUE-Identity-CP-NB-r14.obj"
         "Debug\ReestabUE-Identity.obj"
         Debug\RegisteredMME.obj
         "Debug\ReleaseCause-NB-r13.obj"
         Debug\ReleaseCause.obj
         Debug\ReportConfigEUTRA.obj
         Debug\ReportConfigId.obj
         Debug\ReportConfigInterRAT.obj
         Debug\ReportConfigToAddMod.obj
         Debug\ReportConfigToAddModList.obj
         Debug\ReportConfigToRemoveList.obj
         Debug\ReportInterval.obj
         "Debug\ReportProximityConfig-r9.obj"
         "Debug\ReportQuantityWLAN-r13.obj"
         "Debug\ReselectionInfoRelay-r13.obj"
         "Debug\ReselectionThreshold-NB-v1360.obj"
         Debug\ReselectionThreshold.obj
         "Debug\ReselectionThresholdQ-r9.obj"
         "Debug\ResourceConfig-r13.obj"
         Debug\ResumeCause.obj
         "Debug\ResumeIdentity-r13.obj"
         "Debug\RetuningTimeInfo-r14.obj"
         "Debug\RetxBSR-Timer-NB-r13.obj"
         "Debug\RetxBSR-Timer-r12.obj"
         "Debug\RF-Parameters-NB-r13.obj"
         "Debug\RF-Parameters-NB-v1430.obj"
         "Debug\RF-Parameters-v1020.obj"
         "Debug\RF-Parameters-v1060.obj"
         "Debug\RF-Parameters-v1090.obj"
         "Debug\RF-Parameters-v10f0.obj"
         "Debug\RF-Parameters-v10i0.obj"
         "Debug\RF-Parameters-v10j0.obj"
         "Debug\RF-Parameters-v1130.obj"
         "Debug\RF-Parameters-v1180.obj"
         "Debug\RF-Parameters-v11d0.obj"
         "Debug\RF-Parameters-v1250.obj"
         "Debug\RF-Parameters-v1270.obj"
         "Debug\RF-Parameters-v12b0.obj"
         "Debug\RF-Parameters-v1310.obj"
         "Debug\RF-Parameters-v1320.obj"
         "Debug\RF-Parameters-v1380.obj"
         "Debug\RF-Parameters-v1390.obj"
         "Debug\RF-Parameters-v1430.obj"
         "Debug\RF-Parameters-v1450.obj"
         "Debug\RF-Parameters-v1470.obj"
         "Debug\RF-Parameters-v9e0.obj"
         "Debug\RF-Parameters.obj"
         "Debug\RLC-Config-NB-r13.obj"
         "Debug\RLC-Config-NB-v1430.obj"
         "Debug\RLC-Config-v1250.obj"
         "Debug\RLC-Config-v1310.obj"
         "Debug\RLC-Config-v1430.obj"
         "Debug\RLC-Config.obj"
         "Debug\RLC-Parameters-r12.obj"
         "Debug\RLC-Parameters-v1310.obj"
         "Debug\RLC-Parameters-v1430.obj"
         "Debug\RLF-Report-r9.obj"
         "Debug\RLF-Report-v9e0.obj"
         "Debug\RLF-TimersAndConstants-NB-r13.obj"
         "Debug\RLF-TimersAndConstants-r13.obj"
         "Debug\RLF-TimersAndConstants-r9.obj"
         "Debug\RLF-TimersAndConstantsSCG-r12.obj"
         "Debug\RMTC-Config-r13.obj"
         "Debug\RN-SubframeConfig-r10.obj"
         "Debug\RN-SystemInfo-r10.obj"
         "Debug\RNReconfiguration-r10-IEs.obj"
         "Debug\RNReconfiguration-r10.obj"
         "Debug\RNReconfigurationComplete-r10-IEs.obj"
         "Debug\RNReconfigurationComplete-r10.obj"
         "Debug\RRC-TransactionIdentifier.obj"
         "Debug\RRCConnectionReconfiguration-NB-r13-IEs.obj"
         "Debug\RRCConnectionReconfiguration-NB.obj"
         "Debug\RRCConnectionReconfiguration-r8-IEs.obj"
         "Debug\RRCConnectionReconfiguration-v1020-IEs.obj"
         "Debug\RRCConnectionReconfiguration-v10i0-IEs.obj"
         "Debug\RRCConnectionReconfiguration-v10l0-IEs.obj"
         "Debug\RRCConnectionReconfiguration-v1130-IEs.obj"
         "Debug\RRCConnectionReconfiguration-v1250-IEs.obj"
         "Debug\RRCConnectionReconfiguration-v12f0-IEs.obj"
         "Debug\RRCConnectionReconfiguration-v1310-IEs.obj"
         "Debug\RRCConnectionReconfiguration-v1370-IEs.obj"
         "Debug\RRCConnectionReconfiguration-v13c0-IEs.obj"
         "Debug\RRCConnectionReconfiguration-v1430-IEs.obj"
         "Debug\RRCConnectionReconfiguration-v890-IEs.obj"
         "Debug\RRCConnectionReconfiguration-v8m0-IEs.obj"
         "Debug\RRCConnectionReconfiguration-v920-IEs.obj"
         Debug\RRCConnectionReconfiguration.obj
         "Debug\RRCConnectionReconfigurationComplete-NB-r13-IEs.obj"
         "Debug\RRCConnectionReconfigurationComplete-NB.obj"
         "Debug\RRCConnectionReconfigurationComplete-r8-IEs.obj"
         "Debug\RRCConnectionReconfigurationComplete-v1020-IEs.obj"
         "Debug\RRCConnectionReconfigurationComplete-v1130-IEs.obj"
         "Debug\RRCConnectionReconfigurationComplete-v1250-IEs.obj"
         "Debug\RRCConnectionReconfigurationComplete-v1430-IEs.obj"
         "Debug\RRCConnectionReconfigurationComplete-v8a0-IEs.obj"
         Debug\RRCConnectionReconfigurationComplete.obj
         "Debug\RRCConnectionReestablishment-NB-r13-IEs.obj"
         "Debug\RRCConnectionReestablishment-NB-v1430-IEs.obj"
         "Debug\RRCConnectionReestablishment-NB.obj"
         "Debug\RRCConnectionReestablishment-r8-IEs.obj"
         "Debug\RRCConnectionReestablishment-v8a0-IEs.obj"
         Debug\RRCConnectionReestablishment.obj
         "Debug\RRCConnectionReestablishmentComplete-NB-r13-IEs.obj"
         "Debug\RRCConnectionReestablishmentComplete-NB-v1470-IEs.obj"
         "Debug\RRCConnectionReestablishmentComplete-NB.obj"
         "Debug\RRCConnectionReestablishmentComplete-r8-IEs.obj"
         "Debug\RRCConnectionReestablishmentComplete-v1020-IEs.obj"
         "Debug\RRCConnectionReestablishmentComplete-v1130-IEs.obj"
         "Debug\RRCConnectionReestablishmentComplete-v1250-IEs.obj"
         "Debug\RRCConnectionReestablishmentComplete-v8a0-IEs.obj"
         "Debug\RRCConnectionReestablishmentComplete-v920-IEs.obj"
         Debug\RRCConnectionReestablishmentComplete.obj
         "Debug\RRCConnectionReestablishmentReject-r8-IEs.obj"
         "Debug\RRCConnectionReestablishmentReject-v8a0-IEs.obj"
         Debug\RRCConnectionReestablishmentReject.obj
         "Debug\RRCConnectionReestablishmentRequest-NB-r13-IEs.obj"
         "Debug\RRCConnectionReestablishmentRequest-NB-r14-IEs.obj"
         "Debug\RRCConnectionReestablishmentRequest-NB.obj"
         "Debug\RRCConnectionReestablishmentRequest-r8-IEs.obj"
         Debug\RRCConnectionReestablishmentRequest.obj
         "Debug\RRCConnectionReject-NB-r13-IEs.obj"
         "Debug\RRCConnectionReject-NB.obj"
         "Debug\RRCConnectionReject-r8-IEs.obj"
         "Debug\RRCConnectionReject-v1020-IEs.obj"
         "Debug\RRCConnectionReject-v1130-IEs.obj"
         "Debug\RRCConnectionReject-v1320-IEs.obj"
         "Debug\RRCConnectionReject-v8a0-IEs.obj"
         Debug\RRCConnectionReject.obj
         "Debug\RRCConnectionRelease-NB-r13-IEs.obj"
         "Debug\RRCConnectionRelease-NB-v1430-IEs.obj"
         "Debug\RRCConnectionRelease-NB.obj"
         "Debug\RRCConnectionRelease-r8-IEs.obj"
         "Debug\RRCConnectionRelease-v1020-IEs.obj"
         "Debug\RRCConnectionRelease-v1320-IEs.obj"
         "Debug\RRCConnectionRelease-v890-IEs.obj"
         "Debug\RRCConnectionRelease-v920-IEs.obj"
         "Debug\RRCConnectionRelease-v9e0-IEs.obj"
         Debug\RRCConnectionRelease.obj
         "Debug\RRCConnectionRequest-NB-r13-IEs.obj"
         "Debug\RRCConnectionRequest-NB.obj"
         "Debug\RRCConnectionRequest-r8-IEs.obj"
         Debug\RRCConnectionRequest.obj
         "Debug\RRCConnectionResume-NB-r13-IEs.obj"
         "Debug\RRCConnectionResume-NB.obj"
         "Debug\RRCConnectionResume-r13-IEs.obj"
         "Debug\RRCConnectionResume-r13.obj"
         "Debug\RRCConnectionResume-v1430-IEs.obj"
         "Debug\RRCConnectionResumeComplete-NB-r13-IEs.obj"
         "Debug\RRCConnectionResumeComplete-NB-v1470-IEs.obj"
         "Debug\RRCConnectionResumeComplete-NB.obj"
         "Debug\RRCConnectionResumeComplete-r13-IEs.obj"
         "Debug\RRCConnectionResumeComplete-r13.obj"
         "Debug\RRCConnectionResumeRequest-NB-r13-IEs.obj"
         "Debug\RRCConnectionResumeRequest-NB.obj"
         "Debug\RRCConnectionResumeRequest-r13-IEs.obj"
         "Debug\RRCConnectionResumeRequest-r13.obj"
         "Debug\RRCConnectionSetup-NB-r13-IEs.obj"
         "Debug\RRCConnectionSetup-NB.obj"
         "Debug\RRCConnectionSetup-r8-IEs.obj"
         "Debug\RRCConnectionSetup-v8a0-IEs.obj"
         Debug\RRCConnectionSetup.obj
         "Debug\RRCConnectionSetupComplete-NB-r13-IEs.obj"
         "Debug\RRCConnectionSetupComplete-NB-v1430-IEs.obj"
         "Debug\RRCConnectionSetupComplete-NB-v1470-IEs.obj"
         "Debug\RRCConnectionSetupComplete-NB.obj"
         "Debug\RRCConnectionSetupComplete-r8-IEs.obj"
         "Debug\RRCConnectionSetupComplete-v1020-IEs.obj"
         "Debug\RRCConnectionSetupComplete-v1130-IEs.obj"
         "Debug\RRCConnectionSetupComplete-v1250-IEs.obj"
         "Debug\RRCConnectionSetupComplete-v1320-IEs.obj"
         "Debug\RRCConnectionSetupComplete-v1330-IEs.obj"
         "Debug\RRCConnectionSetupComplete-v1430-IEs.obj"
         "Debug\RRCConnectionSetupComplete-v8a0-IEs.obj"
         Debug\RRCConnectionSetupComplete.obj
         "Debug\RRM-Config-NB.obj"
         "Debug\RRM-Config.obj"
         "Debug\RS-SINR-Range-r13.obj"
         "Debug\RSRP-Range-v1360.obj"
         "Debug\RSRP-Range.obj"
         "Debug\RSRP-RangeSL-r12.obj"
         "Debug\RSRP-RangeSL2-r12.obj"
         "Debug\RSRP-RangeSL3-r12.obj"
         "Debug\RSRP-RangeSL4-r13.obj"
         "Debug\RSRP-ThresholdsNPRACH-InfoList-NB-r13.obj"
         "Debug\RSRP-ThresholdsPrachInfoList-r13.obj"
         "Debug\RSRQ-Range-r13.obj"
         "Debug\RSRQ-Range-v1250.obj"
         "Debug\RSRQ-Range.obj"
         "Debug\RSRQ-RangeConfig-r12.obj"
         "Debug\RSRQ-Type-r12.obj"
         "Debug\RSSI-Range-r13.obj"
         "Debug\RSTD-InterFreqInfo-r10.obj"
         "Debug\RSTD-InterFreqInfoList-r10.obj"
         "Debug\S-TMSI.obj"
         "Debug\SBCCH-SL-BCH-Message-V2X-r14.obj"
         "Debug\SBCCH-SL-BCH-Message.obj"
         "Debug\SBCCH-SL-BCH-MessageType-V2X-r14.obj"
         "Debug\SBCCH-SL-BCH-MessageType.obj"
         "Debug\SC-MCCH-Message-NB.obj"
         "Debug\SC-MCCH-Message-r13.obj"
         "Debug\SC-MCCH-MessageType-NB.obj"
         "Debug\SC-MCCH-MessageType-r13.obj"
         "Debug\SC-MCCH-SchedulingInfo-NB-r14.obj"
         "Debug\SC-MCCH-SchedulingInfo-r14.obj"
         "Debug\SC-MTCH-Info-BR-r14.obj"
         "Debug\SC-MTCH-Info-NB-r14.obj"
         "Debug\SC-MTCH-Info-r13.obj"
         "Debug\SC-MTCH-InfoList-BR-r14.obj"
         "Debug\SC-MTCH-InfoList-NB-r14.obj"
         "Debug\SC-MTCH-InfoList-r13.obj"
         "Debug\SC-MTCH-SchedulingInfo-BR-r14.obj"
         "Debug\SC-MTCH-SchedulingInfo-NB-r14.obj"
         "Debug\SC-MTCH-SchedulingInfo-r13.obj"
         "Debug\SCellIndex-r10.obj"
         "Debug\SCellIndex-r13.obj"
         "Debug\SCellToAddMod-r10.obj"
         "Debug\SCellToAddMod-v10l0.obj"
         "Debug\SCellToAddMod-v13c0.obj"
         "Debug\SCellToAddModExt-r13.obj"
         "Debug\SCellToAddModExt-v1370.obj"
         "Debug\SCellToAddModExt-v1430.obj"
         "Debug\SCellToAddModList-r10.obj"
         "Debug\SCellToAddModList-v10l0.obj"
         "Debug\SCellToAddModList-v13c0.obj"
         "Debug\SCellToAddModListExt-r13.obj"
         "Debug\SCellToAddModListExt-v1370.obj"
         "Debug\SCellToAddModListExt-v13c0.obj"
         "Debug\SCellToAddModListExt-v1430.obj"
         "Debug\SCellToAddModListSCG-Ext-r13.obj"
         "Debug\SCellToAddModListSCG-r12.obj"
         "Debug\SCellToReleaseList-r10.obj"
         "Debug\SCellToReleaseListExt-r13.obj"
         "Debug\SCG-Config-r12-IEs.obj"
         "Debug\SCG-Config-r12.obj"
         "Debug\SCG-Config-v12i0-IEs.obj"
         "Debug\SCG-Config-v12x0-IEs.obj"
         "Debug\SCG-Config-v13c0-IEs.obj"
         "Debug\SCG-ConfigInfo-r12-IEs.obj"
         "Debug\SCG-ConfigInfo-r12.obj"
         "Debug\SCG-ConfigInfo-v1310-IEs.obj"
         "Debug\SCG-ConfigInfo-v1330-IEs.obj"
         "Debug\SCG-ConfigInfo-v1430-IEs.obj"
         "Debug\SCG-ConfigPartSCG-r12.obj"
         "Debug\SCG-ConfigPartSCG-v12f0.obj"
         "Debug\SCG-ConfigPartSCG-v13c0.obj"
         "Debug\SCG-ConfigRestrictInfo-r12.obj"
         "Debug\SCG-Configuration-r12.obj"
         "Debug\SCG-Configuration-v12f0.obj"
         "Debug\SCG-Configuration-v13c0.obj"
         "Debug\SCGFailureInformation-r12-IEs.obj"
         "Debug\SCGFailureInformation-r12.obj"
         "Debug\SCGFailureInformation-v12d0-IEs.obj"
         "Debug\SCGFailureInformation-v1310-IEs.obj"
         "Debug\SchedulingInfo-BR-r13.obj"
         "Debug\SchedulingInfo-MBMS-r14.obj"
         "Debug\SchedulingInfo-NB-r13.obj"
         Debug\SchedulingInfo.obj
         "Debug\SchedulingInfoList-BR-r13.obj"
         "Debug\SchedulingInfoList-MBMS-r14.obj"
         "Debug\SchedulingInfoList-NB-r13.obj"
         Debug\SchedulingInfoList.obj
         "Debug\SchedulingRequestConfig-v1020.obj"
         Debug\SchedulingRequestConfig.obj
         "Debug\SchedulingRequestConfigSCell-r13.obj"
         "Debug\SCPTM-NeighbourCellList-NB-r14.obj"
         "Debug\SCPTM-NeighbourCellList-r13.obj"
         "Debug\SCPTM-Parameters-r13.obj"
         "Debug\SCPTMConfiguration-BR-r14.obj"
         "Debug\SCPTMConfiguration-NB-r14.obj"
         "Debug\SCPTMConfiguration-r13.obj"
         "Debug\SCPTMConfiguration-v1340.obj"
         Debug\SecondaryPreRegistrationZoneIdListHRPD.obj
         Debug\SecurityAlgorithmConfig.obj
         Debug\SecurityConfigHO.obj
         Debug\SecurityConfigSMC.obj
         "Debug\SecurityModeCommand-r8-IEs.obj"
         "Debug\SecurityModeCommand-v8a0-IEs.obj"
         Debug\SecurityModeCommand.obj
         "Debug\SecurityModeComplete-r8-IEs.obj"
         "Debug\SecurityModeComplete-v8a0-IEs.obj"
         Debug\SecurityModeComplete.obj
         "Debug\SecurityModeFailure-r8-IEs.obj"
         "Debug\SecurityModeFailure-v8a0-IEs.obj"
         Debug\SecurityModeFailure.obj
         "Debug\ServCellIndex-r10.obj"
         "Debug\ServCellIndex-r13.obj"
         "Debug\ShortMAC-I.obj"
         "Debug\SI-OrPSI-GERAN.obj"
         "Debug\SIB-MappingInfo-MBMS-r14.obj"
         "Debug\SIB-MappingInfo-NB-r13.obj"
         "Debug\SIB-MappingInfo.obj"
         "Debug\SIB-Type-MBMS-r14.obj"
         "Debug\SIB-Type-NB-r13.obj"
         "Debug\SIB-Type.obj"
         "Debug\SIB8-PerPLMN-List-r11.obj"
         "Debug\SIB8-PerPLMN-r11.obj"
         "Debug\SidelinkUEInformation-r12-IEs.obj"
         "Debug\SidelinkUEInformation-r12.obj"
         "Debug\SidelinkUEInformation-v1310-IEs.obj"
         "Debug\SidelinkUEInformation-v1430-IEs.obj"
         "Debug\SL-AnchorCarrierFreqList-V2X-r14.obj"
         "Debug\SL-CarrierFreqInfo-r12.obj"
         "Debug\SL-CarrierFreqInfo-v1310.obj"
         "Debug\SL-CarrierFreqInfoList-r12.obj"
         "Debug\SL-CarrierFreqInfoList-v1310.obj"
         "Debug\SL-CBR-CommonTxConfigList-r14.obj"
         "Debug\SL-CBR-Levels-Config-r14.obj"
         "Debug\SL-CBR-PPPP-TxConfigList-r14.obj"
         "Debug\SL-CBR-PPPP-TxPreconfigList-r14.obj"
         "Debug\SL-CBR-PreconfigTxConfigList-r14.obj"
         "Debug\SL-CBR-PSSCH-TxConfig-r14.obj"
         "Debug\SL-CBR-r14.obj"
         "Debug\SL-CommConfig-r12.obj"
         "Debug\SL-CommResourcePool-r12.obj"
         "Debug\SL-CommResourcePoolV2X-r14.obj"
         "Debug\SL-CommRxPoolList-r12.obj"
         "Debug\SL-CommRxPoolListV2X-r14.obj"
         "Debug\SL-CommTxPoolList-r12.obj"
         "Debug\SL-CommTxPoolListExt-r13.obj"
         "Debug\SL-CommTxPoolListV2X-r14.obj"
         "Debug\SL-CommTxPoolSensingConfig-r14.obj"
         "Debug\SL-CommTxPoolToAddMod-r12.obj"
         "Debug\SL-CommTxPoolToAddModExt-r13.obj"
         "Debug\SL-CommTxPoolToAddModList-r12.obj"
         "Debug\SL-CommTxPoolToAddModListExt-r13.obj"
         "Debug\SL-CommTxResourceReq-r12.obj"
         "Debug\SL-CP-Len-r12.obj"
         "Debug\SL-DestinationIdentity-r12.obj"
         "Debug\SL-DestinationInfoList-r12.obj"
         "Debug\SL-DiscConfig-r12.obj"
         "Debug\SL-DiscConfigOtherInterFreq-r13.obj"
         "Debug\SL-DiscConfigRelayUE-r13.obj"
         "Debug\SL-DiscConfigRemoteUE-r13.obj"
         "Debug\SL-DiscResourcePool-r12.obj"
         "Debug\SL-DiscRxPoolList-r12.obj"
         "Debug\SL-DiscSysInfoReport-r13.obj"
         "Debug\SL-DiscSysInfoReportFreqList-r13.obj"
         "Debug\SL-DiscSysInfoToReportFreqList-r13.obj"
         "Debug\SL-DiscTxConfigScheduled-r13.obj"
         "Debug\SL-DiscTxInfoInterFreqListAdd-r13.obj"
         "Debug\SL-DiscTxPoolDedicated-r13.obj"
         "Debug\SL-DiscTxPoolList-r12.obj"
         "Debug\SL-DiscTxPoolToAddMod-r12.obj"
         "Debug\SL-DiscTxPoolToAddModList-r12.obj"
         "Debug\SL-DiscTxPowerInfo-r12.obj"
         "Debug\SL-DiscTxPowerInfoList-r12.obj"
         "Debug\SL-DiscTxRefCarrierDedicated-r13.obj"
         "Debug\SL-DiscTxResource-r13.obj"
         "Debug\SL-DiscTxResourceInfoPerFreq-r13.obj"
         "Debug\SL-DiscTxResourceReq-r13.obj"
         "Debug\SL-DiscTxResourceReqPerFreqList-r13.obj"
         "Debug\SL-DiscTxResourcesInterFreq-r13.obj"
         "Debug\SL-GapConfig-r13.obj"
         "Debug\SL-GapFreqInfo-r13.obj"
         "Debug\SL-GapPattern-r13.obj"
         "Debug\SL-GapPatternList-r13.obj"
         "Debug\SL-GapRequest-r13.obj"
         "Debug\SL-HoppingConfigComm-r12.obj"
         "Debug\SL-HoppingConfigDisc-r12.obj"
         "Debug\SL-InterFreqInfoListV2X-r14.obj"
         "Debug\SL-InterFreqInfoV2X-r14.obj"
         "Debug\SL-OffsetIndicator-r12.obj"
         "Debug\SL-OffsetIndicatorSync-r12.obj"
         "Debug\SL-OffsetIndicatorSync-r14.obj"
         "Debug\SL-OffsetIndicatorSync-v1430.obj"
         "Debug\SL-P2X-ResourceSelectionConfig-r14.obj"
         "Debug\SL-Parameters-r12.obj"
         "Debug\SL-Parameters-v1310.obj"
         "Debug\SL-Parameters-v1430.obj"
         "Debug\SL-PeriodComm-r12.obj"
         "Debug\SL-PoolSelectionConfig-r12.obj"
         "Debug\SL-PPPP-TxConfigIndex-r14.obj"
         "Debug\SL-PPPP-TxPreconfigIndex-r14.obj"
         "Debug\SL-PreconfigCommPool-r12.obj"
         "Debug\SL-PreconfigCommPoolList4-r12.obj"
         "Debug\SL-PreconfigCommRxPoolList-r13.obj"
         "Debug\SL-PreconfigCommTxPoolList-r13.obj"
         "Debug\SL-PreconfigDiscPool-r13.obj"
         "Debug\SL-PreconfigDiscRxPoolList-r13.obj"
         "Debug\SL-PreconfigDiscTxPoolList-r13.obj"
         "Debug\SL-PreconfigGeneral-r12.obj"
         "Debug\SL-PreconfigRelay-r13.obj"
         "Debug\SL-PreconfigSync-r12.obj"
         "Debug\SL-Preconfiguration-r12.obj"
         "Debug\SL-PreconfigV2X-RxPoolList-r14.obj"
         "Debug\SL-PreconfigV2X-Sync-r14.obj"
         "Debug\SL-PreconfigV2X-TxPoolList-r14.obj"
         "Debug\SL-Priority-r13.obj"
         "Debug\SL-PriorityList-r13.obj"
         "Debug\SL-PSSCH-TxConfig-r14.obj"
         "Debug\SL-PSSCH-TxConfigList-r14.obj"
         "Debug\SL-PSSCH-TxParameters-r14.obj"
         "Debug\SL-ResourcesInterFreq-r13.obj"
         "Debug\SL-RestrictResourceReservationPeriod-r14.obj"
         "Debug\SL-RestrictResourceReservationPeriodList-r14.obj"
         "Debug\SL-SyncAllowed-r14.obj"
         "Debug\SL-SyncConfig-r12.obj"
         "Debug\SL-SyncConfigList-r12.obj"
         "Debug\SL-SyncConfigListNFreq-r13.obj"
         "Debug\SL-SyncConfigListNFreqV2X-r14.obj"
         "Debug\SL-SyncConfigListV2X-r14.obj"
         "Debug\SL-SyncConfigNFreq-r13.obj"
         "Debug\SL-SyncTxControl-r12.obj"
         "Debug\SL-TF-IndexPair-r12.obj"
         "Debug\SL-TF-IndexPair-r12b.obj"
         "Debug\SL-TF-IndexPairList-r12.obj"
         "Debug\SL-TF-IndexPairList-r12b.obj"
         "Debug\SL-TF-ResourceConfig-r12.obj"
         "Debug\SL-ThresPSSCH-RSRP-List-r14.obj"
         "Debug\SL-ThresPSSCH-RSRP-r14.obj"
         "Debug\SL-TRPT-Subset-r12.obj"
         "Debug\SL-TxParameters-r12.obj"
         "Debug\SL-TxPoolIdentity-r12.obj"
         "Debug\SL-TxPoolIdentity-v1310.obj"
         "Debug\SL-TxPoolToAddMod-r14.obj"
         "Debug\SL-TxPoolToAddModListV2X-r14.obj"
         "Debug\SL-TxPoolToReleaseList-r12.obj"
         "Debug\SL-TxPoolToReleaseListExt-r13.obj"
         "Debug\SL-TxPoolToReleaseListV2X-r14.obj"
         "Debug\SL-TxPower-r14.obj"
         "Debug\SL-TypeTxSync-r14.obj"
         "Debug\SL-V2X-CommFreqList-r14.obj"
         "Debug\SL-V2X-CommTxFreqList-r14.obj"
         "Debug\SL-V2X-CommTxResourceReq-r14.obj"
         "Debug\SL-V2X-ConfigCommon-r14.obj"
         "Debug\SL-V2X-ConfigDedicated-r14.obj"
         "Debug\SL-V2X-InterFreqUE-Config-r14.obj"
         "Debug\SL-V2X-PreconfigCommPool-r14.obj"
         "Debug\SL-V2X-PreconfigFreqInfo-r14.obj"
         "Debug\SL-V2X-PreconfigFreqList-r14.obj"
         "Debug\SL-V2X-Preconfiguration-r14.obj"
         "Debug\SL-V2X-SyncOffsetIndicators-r14.obj"
         "Debug\SL-V2X-TxPoolIdentity-r14.obj"
         "Debug\SL-V2X-TxPoolReportIdentity-r14.obj"
         "Debug\SL-V2X-UE-ConfigList-r14.obj"
         "Debug\SL-ZoneConfig-r14.obj"
         "Debug\SLSSID-r12.obj"
         "Debug\SN-FieldLength.obj"
         "Debug\SON-Parameters-r9.obj"
         "Debug\SoundingRS-AperiodicSet-r14.obj"
         "Debug\SoundingRS-AperiodicSetUpPTsExt-r14.obj"
         "Debug\SoundingRS-UL-ConfigCommon.obj"
         "Debug\SoundingRS-UL-ConfigDedicated-v1020.obj"
         "Debug\SoundingRS-UL-ConfigDedicated-v1310.obj"
         "Debug\SoundingRS-UL-ConfigDedicated.obj"
         "Debug\SoundingRS-UL-ConfigDedicatedAperiodic-r10.obj"
         "Debug\SoundingRS-UL-ConfigDedicatedAperiodic-v1310.obj"
         "Debug\SoundingRS-UL-ConfigDedicatedAperiodic-v1430.obj"
         "Debug\SoundingRS-UL-ConfigDedicatedAperiodicUpPTsExt-r13.obj"
         "Debug\SoundingRS-UL-ConfigDedicatedUpPTsExt-r13.obj"
         Debug\SpeedStateScaleFactors.obj
         "Debug\SPS-Config-v1430.obj"
         "Debug\SPS-Config.obj"
         "Debug\SPS-ConfigDL.obj"
         "Debug\SPS-ConfigIndex-r14.obj"
         "Debug\SPS-ConfigSL-r14.obj"
         "Debug\SPS-ConfigSL-ToAddModList-r14.obj"
         "Debug\SPS-ConfigSL-ToReleaseList-r14.obj"
         "Debug\SPS-ConfigUL-ToAddModList-r14.obj"
         "Debug\SPS-ConfigUL-ToReleaseList-r14.obj"
         "Debug\SPS-ConfigUL.obj"
         "Debug\SRB-ToAddMod-NB-r13.obj"
         "Debug\SRB-ToAddMod.obj"
         "Debug\SRB-ToAddModList-NB-r13.obj"
         "Debug\SRB-ToAddModList.obj"
         "Debug\SRS-AntennaPort.obj"
         "Debug\SRS-CC-SetIndex-r14.obj"
         "Debug\SRS-ConfigAp-r10.obj"
         "Debug\SRS-ConfigAp-r13.obj"
         "Debug\SRS-ConfigAp-v1310.obj"
         "Debug\SRS-TPC-PDCCH-Config-r14.obj"
         "Debug\STAG-Id-r11.obj"
         "Debug\STAG-ToAddMod-r11.obj"
         "Debug\STAG-ToAddModList-r11.obj"
         "Debug\STAG-ToReleaseList-r11.obj"
         "Debug\Standalone-NB-r13.obj"
         "Debug\SubframeBitmapSL-r12.obj"
         "Debug\SubframeBitmapSL-r14.obj"
         "Debug\SupportedBand-NB-r13.obj"
         "Debug\SupportedBandCombination-r10.obj"
         "Debug\SupportedBandCombination-v1090.obj"
         "Debug\SupportedBandCombination-v10i0.obj"
         "Debug\SupportedBandCombination-v1130.obj"
         "Debug\SupportedBandCombination-v1250.obj"
         "Debug\SupportedBandCombination-v1270.obj"
         "Debug\SupportedBandCombination-v1320.obj"
         "Debug\SupportedBandCombination-v1380.obj"
         "Debug\SupportedBandCombination-v1390.obj"
         "Debug\SupportedBandCombination-v1430.obj"
         "Debug\SupportedBandCombination-v1450.obj"
         "Debug\SupportedBandCombination-v1470.obj"
         "Debug\SupportedBandCombinationAdd-r11.obj"
         "Debug\SupportedBandCombinationAdd-v11d0.obj"
         "Debug\SupportedBandCombinationAdd-v1250.obj"
         "Debug\SupportedBandCombinationAdd-v1270.obj"
         "Debug\SupportedBandCombinationAdd-v1320.obj"
         "Debug\SupportedBandCombinationAdd-v1380.obj"
         "Debug\SupportedBandCombinationAdd-v1390.obj"
         "Debug\SupportedBandCombinationAdd-v1430.obj"
         "Debug\SupportedBandCombinationAdd-v1450.obj"
         "Debug\SupportedBandCombinationAdd-v1470.obj"
         "Debug\SupportedBandCombinationExt-r10.obj"
         "Debug\SupportedBandCombinationReduced-r13.obj"
         "Debug\SupportedBandCombinationReduced-v1320.obj"
         "Debug\SupportedBandCombinationReduced-v1380.obj"
         "Debug\SupportedBandCombinationReduced-v1390.obj"
         "Debug\SupportedBandCombinationReduced-v1430.obj"
         "Debug\SupportedBandCombinationReduced-v1450.obj"
         "Debug\SupportedBandCombinationReduced-v1470.obj"
         "Debug\SupportedBandEUTRA-v1250.obj"
         "Debug\SupportedBandEUTRA-v1310.obj"
         "Debug\SupportedBandEUTRA-v1320.obj"
         "Debug\SupportedBandEUTRA-v9e0.obj"
         Debug\SupportedBandEUTRA.obj
         Debug\SupportedBandGERAN.obj
         "Debug\SupportedBandInfo-r12.obj"
         "Debug\SupportedBandInfoList-r12.obj"
         "Debug\SupportedBandList-NB-r13.obj"
         Debug\SupportedBandList1XRTT.obj
         "Debug\SupportedBandListEUTRA-v1250.obj"
         "Debug\SupportedBandListEUTRA-v1310.obj"
         "Debug\SupportedBandListEUTRA-v1320.obj"
         "Debug\SupportedBandListEUTRA-v9e0.obj"
         Debug\SupportedBandListEUTRA.obj
         Debug\SupportedBandListGERAN.obj
         Debug\SupportedBandListHRPD.obj
         "Debug\SupportedBandListUTRA-FDD.obj"
         "Debug\SupportedBandListUTRA-TDD128.obj"
         "Debug\SupportedBandListUTRA-TDD384.obj"
         "Debug\SupportedBandListUTRA-TDD768.obj"
         "Debug\SupportedBandUTRA-FDD.obj"
         "Debug\SupportedBandUTRA-TDD128.obj"
         "Debug\SupportedBandUTRA-TDD384.obj"
         "Debug\SupportedBandUTRA-TDD768.obj"
         "Debug\SupportedBandwidthCombinationSet-r10.obj"
         Debug\SystemInfoListGERAN.obj
         "Debug\SystemInformation-BR-r13.obj"
         "Debug\SystemInformation-MBMS-r14.obj"
         "Debug\SystemInformation-NB-r13-IEs.obj"
         "Debug\SystemInformation-NB.obj"
         "Debug\SystemInformation-r8-IEs.obj"
         "Debug\SystemInformation-v8a0-IEs.obj"
         Debug\SystemInformation.obj
         "Debug\SystemInformationBlockType1-BR-r13.obj"
         "Debug\SystemInformationBlockType1-MBMS-r14.obj"
         "Debug\SystemInformationBlockType1-NB-v1350.obj"
         "Debug\SystemInformationBlockType1-NB-v1430.obj"
         "Debug\SystemInformationBlockType1-NB-v1450.obj"
         "Debug\SystemInformationBlockType1-NB.obj"
         "Debug\SystemInformationBlockType1-v10j0-IEs.obj"
         "Debug\SystemInformationBlockType1-v10l0-IEs.obj"
         "Debug\SystemInformationBlockType1-v1130-IEs.obj"
         "Debug\SystemInformationBlockType1-v1250-IEs.obj"
         "Debug\SystemInformationBlockType1-v1310-IEs.obj"
         "Debug\SystemInformationBlockType1-v1320-IEs.obj"
         "Debug\SystemInformationBlockType1-v1350-IEs.obj"
         "Debug\SystemInformationBlockType1-v1360-IEs.obj"
         "Debug\SystemInformationBlockType1-v1430-IEs.obj"
         "Debug\SystemInformationBlockType1-v1450-IEs.obj"
         "Debug\SystemInformationBlockType1-v890-IEs.obj"
         "Debug\SystemInformationBlockType1-v8h0-IEs.obj"
         "Debug\SystemInformationBlockType1-v920-IEs.obj"
         "Debug\SystemInformationBlockType1-v9e0-IEs.obj"
         Debug\SystemInformationBlockType1.obj
         Debug\SystemInformationBlockType10.obj
         Debug\SystemInformationBlockType11.obj
         "Debug\SystemInformationBlockType12-r9.obj"
         "Debug\SystemInformationBlockType13-r9.obj"
         "Debug\SystemInformationBlockType14-NB-r13.obj"
         "Debug\SystemInformationBlockType14-r11.obj"
         "Debug\SystemInformationBlockType15-NB-r14.obj"
         "Debug\SystemInformationBlockType15-r11.obj"
         "Debug\SystemInformationBlockType16-NB-r13.obj"
         "Debug\SystemInformationBlockType16-r11.obj"
         "Debug\SystemInformationBlockType17-r12.obj"
         "Debug\SystemInformationBlockType18-r12.obj"
         "Debug\SystemInformationBlockType19-r12.obj"
         "Debug\SystemInformationBlockType2-NB-r13.obj"
         "Debug\SystemInformationBlockType2-v10m0-IEs.obj"
         "Debug\SystemInformationBlockType2-v10x0-IEs.obj"
         "Debug\SystemInformationBlockType2-v13c0-IEs.obj"
         "Debug\SystemInformationBlockType2-v8h0-IEs.obj"
         "Debug\SystemInformationBlockType2-v9e0-IEs.obj"
         "Debug\SystemInformationBlockType2-v9i0-IEs.obj"
         Debug\SystemInformationBlockType2.obj
         "Debug\SystemInformationBlockType20-NB-r14.obj"
         "Debug\SystemInformationBlockType20-r13.obj"
         "Debug\SystemInformationBlockType21-r14.obj"
         "Debug\SystemInformationBlockType22-NB-r14.obj"
         "Debug\SystemInformationBlockType3-NB-r13.obj"
         "Debug\SystemInformationBlockType3-v10j0-IEs.obj"
         "Debug\SystemInformationBlockType3-v10l0-IEs.obj"
         Debug\SystemInformationBlockType3.obj
         "Debug\SystemInformationBlockType4-NB-r13.obj"
         Debug\SystemInformationBlockType4.obj
         "Debug\SystemInformationBlockType5-NB-r13.obj"
         "Debug\SystemInformationBlockType5-v10j0-IEs.obj"
         "Debug\SystemInformationBlockType5-v10l0-IEs.obj"
         "Debug\SystemInformationBlockType5-v13a0-IEs.obj"
         "Debug\SystemInformationBlockType5-v8h0-IEs.obj"
         "Debug\SystemInformationBlockType5-v9e0-IEs.obj"
         Debug\SystemInformationBlockType5.obj
         "Debug\SystemInformationBlockType6-v8h0-IEs.obj"
         Debug\SystemInformationBlockType6.obj
         Debug\SystemInformationBlockType7.obj
         Debug\SystemInformationBlockType8.obj
         Debug\SystemInformationBlockType9.obj
         "Debug\SystemInfoValueTagList-NB-r13.obj"
         "Debug\SystemInfoValueTagList-r13.obj"
         "Debug\SystemInfoValueTagSI-r13.obj"
         Debug\SystemTimeInfoCDMA2000.obj
         "Debug\T-PollRetransmit-NB-r13.obj"
         "Debug\T-PollRetransmit.obj"
         "Debug\T-Reordering.obj"
         "Debug\T-Reselection-NB-r13.obj"
         "Debug\T-Reselection.obj"
         "Debug\T-ReselectionEUTRA-CE-r13.obj"
         "Debug\T-StatusProhibit.obj"
         "Debug\TargetMBSFN-Area-r12.obj"
         "Debug\TargetMBSFN-AreaList-r12.obj"
         "Debug\TDD-Config-v1130.obj"
         "Debug\TDD-Config-v1430.obj"
         "Debug\TDD-Config-v1450.obj"
         "Debug\TDD-Config.obj"
         "Debug\TDD-ConfigSL-r12.obj"
         "Debug\TDD-PUSCH-UpPTS-r14.obj"
         "Debug\TDM-AssistanceInfo-r11.obj"
         Debug\ThresholdCDMA2000.obj
         "Debug\ThresholdEUTRA-v1250.obj"
         Debug\ThresholdEUTRA.obj
         Debug\ThresholdGERAN.obj
         Debug\ThresholdUTRA.obj
         Debug\TimeAlignmentTimer.obj
         "Debug\TimeSinceFailure-r11.obj"
         Debug\TimeToTrigger.obj
         "Debug\TMGI-r9.obj"
         "Debug\TPC-Index.obj"
         "Debug\TPC-PDCCH-Config.obj"
         "Debug\TPC-PDCCH-ConfigSCell-r13.obj"
         "Debug\TraceReference-r10.obj"
         Debug\TrackingAreaCode.obj
         "Debug\TrackingAreaCodeList-r10.obj"
         "Debug\TrackingAreaCodeList-v1130.obj"
         "Debug\TrafficPatternInfo-r14.obj"
         "Debug\TrafficPatternInfoList-r14.obj"
         "Debug\TunnelConfigLWIP-r13.obj"
         "Debug\Tx-ConfigIndex-r14.obj"
         "Debug\Tx-PreconfigIndex-r14.obj"
         "Debug\Tx-ResourcePoolMeasList-r14.obj"
         "Debug\UDT-Restricting-r13.obj"
         "Debug\UDT-RestrictingPerPLMN-List-r13.obj"
         "Debug\UDT-RestrictingPerPLMN-r13.obj"
         "Debug\UE-BasedNetwPerfMeasParameters-r10.obj"
         "Debug\UE-BasedNetwPerfMeasParameters-v1250.obj"
         "Debug\UE-BasedNetwPerfMeasParameters-v1430.obj"
         "Debug\UE-Capability-NB-Ext-r14-IEs.obj"
         "Debug\UE-Capability-NB-r13.obj"
         "Debug\UE-Capability-NB-v1440-IEs.obj"
         "Debug\UE-Capability-NB-v1480-IEs.obj"
         "Debug\UE-CapabilityRAT-Container.obj"
         "Debug\UE-CapabilityRAT-ContainerList.obj"
         "Debug\UE-CapabilityRequest.obj"
         "Debug\UE-EUTRA-Capability-v1020-IEs.obj"
         "Debug\UE-EUTRA-Capability-v1060-IEs.obj"
         "Debug\UE-EUTRA-Capability-v1090-IEs.obj"
         "Debug\UE-EUTRA-Capability-v10c0-IEs.obj"
         "Debug\UE-EUTRA-Capability-v10f0-IEs.obj"
         "Debug\UE-EUTRA-Capability-v10i0-IEs.obj"
         "Debug\UE-EUTRA-Capability-v10j0-IEs.obj"
         "Debug\UE-EUTRA-Capability-v1130-IEs.obj"
         "Debug\UE-EUTRA-Capability-v1170-IEs.obj"
         "Debug\UE-EUTRA-Capability-v1180-IEs.obj"
         "Debug\UE-EUTRA-Capability-v11a0-IEs.obj"
         "Debug\UE-EUTRA-Capability-v11d0-IEs.obj"
         "Debug\UE-EUTRA-Capability-v11x0-IEs.obj"
         "Debug\UE-EUTRA-Capability-v1250-IEs.obj"
         "Debug\UE-EUTRA-Capability-v1260-IEs.obj"
         "Debug\UE-EUTRA-Capability-v1270-IEs.obj"
         "Debug\UE-EUTRA-Capability-v1280-IEs.obj"
         "Debug\UE-EUTRA-Capability-v12b0-IEs.obj"
         "Debug\UE-EUTRA-Capability-v12x0-IEs.obj"
         "Debug\UE-EUTRA-Capability-v1310-IEs.obj"
         "Debug\UE-EUTRA-Capability-v1320-IEs.obj"
         "Debug\UE-EUTRA-Capability-v1330-IEs.obj"
         "Debug\UE-EUTRA-Capability-v1340-IEs.obj"
         "Debug\UE-EUTRA-Capability-v1350-IEs.obj"
         "Debug\UE-EUTRA-Capability-v1360-IEs.obj"
         "Debug\UE-EUTRA-Capability-v1370-IEs.obj"
         "Debug\UE-EUTRA-Capability-v1380-IEs.obj"
         "Debug\UE-EUTRA-Capability-v1390-IEs.obj"
         "Debug\UE-EUTRA-Capability-v13x0-IEs.obj"
         "Debug\UE-EUTRA-Capability-v1430-IEs.obj"
         "Debug\UE-EUTRA-Capability-v1440-IEs.obj"
         "Debug\UE-EUTRA-Capability-v1450-IEs.obj"
         "Debug\UE-EUTRA-Capability-v1460-IEs.obj"
         "Debug\UE-EUTRA-Capability-v1470-IEs.obj"
         "Debug\UE-EUTRA-Capability-v14a0-IEs.obj"
         "Debug\UE-EUTRA-Capability-v920-IEs.obj"
         "Debug\UE-EUTRA-Capability-v940-IEs.obj"
         "Debug\UE-EUTRA-Capability-v9a0-IEs.obj"
         "Debug\UE-EUTRA-Capability-v9c0-IEs.obj"
         "Debug\UE-EUTRA-Capability-v9d0-IEs.obj"
         "Debug\UE-EUTRA-Capability-v9e0-IEs.obj"
         "Debug\UE-EUTRA-Capability-v9h0-IEs.obj"
         "Debug\UE-EUTRA-Capability.obj"
         "Debug\UE-EUTRA-CapabilityAddXDD-Mode-r9.obj"
         "Debug\UE-EUTRA-CapabilityAddXDD-Mode-v1060.obj"
         "Debug\UE-EUTRA-CapabilityAddXDD-Mode-v1130.obj"
         "Debug\UE-EUTRA-CapabilityAddXDD-Mode-v1180.obj"
         "Debug\UE-EUTRA-CapabilityAddXDD-Mode-v1250.obj"
         "Debug\UE-EUTRA-CapabilityAddXDD-Mode-v1310.obj"
         "Debug\UE-EUTRA-CapabilityAddXDD-Mode-v1320.obj"
         "Debug\UE-EUTRA-CapabilityAddXDD-Mode-v1370.obj"
         "Debug\UE-EUTRA-CapabilityAddXDD-Mode-v1380.obj"
         "Debug\UE-EUTRA-CapabilityAddXDD-Mode-v1430.obj"
         "Debug\UE-RadioPagingInfo-NB-r13.obj"
         "Debug\UE-RadioPagingInfo-r12.obj"
         "Debug\UE-TimersAndConstants-NB-r13.obj"
         "Debug\UE-TimersAndConstants.obj"
         "Debug\UEAssistanceInformation-r11-IEs.obj"
         "Debug\UEAssistanceInformation-r11.obj"
         "Debug\UEAssistanceInformation-v1430-IEs.obj"
         "Debug\UEAssistanceInformation-v1450-IEs.obj"
         "Debug\UECapabilityEnquiry-NB-r13-IEs.obj"
         "Debug\UECapabilityEnquiry-NB.obj"
         "Debug\UECapabilityEnquiry-r8-IEs.obj"
         "Debug\UECapabilityEnquiry-v1180-IEs.obj"
         "Debug\UECapabilityEnquiry-v1310-IEs.obj"
         "Debug\UECapabilityEnquiry-v1430-IEs.obj"
         "Debug\UECapabilityEnquiry-v8a0-IEs.obj"
         Debug\UECapabilityEnquiry.obj
         "Debug\UECapabilityInformation-NB-Ext-r14-IEs.obj"
         "Debug\UECapabilityInformation-NB-r13-IEs.obj"
         "Debug\UECapabilityInformation-NB.obj"
         "Debug\UECapabilityInformation-r8-IEs.obj"
         "Debug\UECapabilityInformation-v1250-IEs.obj"
         "Debug\UECapabilityInformation-v8a0-IEs.obj"
         Debug\UECapabilityInformation.obj
         "Debug\UEInformationRequest-r9-IEs.obj"
         "Debug\UEInformationRequest-r9.obj"
         "Debug\UEInformationRequest-v1020-IEs.obj"
         "Debug\UEInformationRequest-v1130-IEs.obj"
         "Debug\UEInformationRequest-v1250-IEs.obj"
         "Debug\UEInformationRequest-v930-IEs.obj"
         "Debug\UEInformationResponse-r9-IEs.obj"
         "Debug\UEInformationResponse-r9.obj"
         "Debug\UEInformationResponse-v1020-IEs.obj"
         "Debug\UEInformationResponse-v1130-IEs.obj"
         "Debug\UEInformationResponse-v1250-IEs.obj"
         "Debug\UEInformationResponse-v930-IEs.obj"
         "Debug\UEInformationResponse-v9e0-IEs.obj"
         "Debug\UEPagingCoverageInformation-NB-IEs.obj"
         "Debug\UEPagingCoverageInformation-NB.obj"
         "Debug\UEPagingCoverageInformation-r13-IEs.obj"
         Debug\UEPagingCoverageInformation.obj
         "Debug\UERadioAccessCapabilityInformation-NB-IEs.obj"
         "Debug\UERadioAccessCapabilityInformation-NB-r14-IEs.obj"
         "Debug\UERadioAccessCapabilityInformation-NB-v1380-IEs.obj"
         "Debug\UERadioAccessCapabilityInformation-NB.obj"
         "Debug\UERadioAccessCapabilityInformation-r8-IEs.obj"
         Debug\UERadioAccessCapabilityInformation.obj
         "Debug\UERadioPagingInformation-NB-IEs.obj"
         "Debug\UERadioPagingInformation-NB.obj"
         "Debug\UERadioPagingInformation-r12-IEs.obj"
         "Debug\UERadioPagingInformation-v1310-IEs.obj"
         Debug\UERadioPagingInformation.obj
         "Debug\UL-256QAM-perCC-Info-r14.obj"
         "Debug\UL-AM-RLC-NB-r13.obj"
         "Debug\UL-AM-RLC.obj"
         "Debug\UL-CarrierConfigDedicated-NB-r13.obj"
         "Debug\UL-CCCH-Message-NB.obj"
         "Debug\UL-CCCH-Message.obj"
         "Debug\UL-CCCH-MessageType-NB.obj"
         "Debug\UL-CCCH-MessageType.obj"
         "Debug\UL-ConfigCommon-NB-r14.obj"
         "Debug\UL-ConfigCommonList-NB-r14.obj"
         "Debug\UL-CyclicPrefixLength.obj"
         "Debug\UL-DCCH-Message-NB.obj"
         "Debug\UL-DCCH-Message.obj"
         "Debug\UL-DCCH-MessageType-NB.obj"
         "Debug\UL-DCCH-MessageType.obj"
         "Debug\UL-DelayConfig-r13.obj"
         "Debug\UL-PDCP-DelayResult-r13.obj"
         "Debug\UL-PDCP-DelayResultList-r13.obj"
         "Debug\UL-ReferenceSignalsNPUSCH-NB-r13.obj"
         "Debug\UL-ReferenceSignalsPUSCH.obj"
         "Debug\UL-UM-RLC.obj"
         "Debug\ULHandoverPreparationTransfer-r8-IEs.obj"
         "Debug\ULHandoverPreparationTransfer-v8a0-IEs.obj"
         Debug\ULHandoverPreparationTransfer.obj
         "Debug\ULInformationTransfer-NB-r13-IEs.obj"
         "Debug\ULInformationTransfer-NB.obj"
         "Debug\ULInformationTransfer-r8-IEs.obj"
         "Debug\ULInformationTransfer-v8a0-IEs.obj"
         Debug\ULInformationTransfer.obj
         "Debug\UplinkPowerControlCommon-NB-r13.obj"
         "Debug\UplinkPowerControlCommon-v1020.obj"
         "Debug\UplinkPowerControlCommon-v1310.obj"
         Debug\UplinkPowerControlCommon.obj
         "Debug\UplinkPowerControlCommonPSCell-r12.obj"
         "Debug\UplinkPowerControlCommonPUSCH-LessCell-v1430.obj"
         "Debug\UplinkPowerControlCommonSCell-r10.obj"
         "Debug\UplinkPowerControlCommonSCell-v1130.obj"
         "Debug\UplinkPowerControlCommonSCell-v1310.obj"
         "Debug\UplinkPowerControlDedicated-NB-r13.obj"
         "Debug\UplinkPowerControlDedicated-v1020.obj"
         "Debug\UplinkPowerControlDedicated-v1130.obj"
         "Debug\UplinkPowerControlDedicated-v1250.obj"
         Debug\UplinkPowerControlDedicated.obj
         "Debug\UplinkPowerControlDedicatedSCell-r10.obj"
         "Debug\UplinkPowerControlDedicatedSCell-v1310.obj"
         "Debug\UplinkPUSCH-LessPowerControlDedicated-v1430.obj"
         "Debug\V2X-BandCombinationParameters-r14.obj"
         "Debug\V2X-BandParameters-r14.obj"
         "Debug\V2X-BandwidthClass-r14.obj"
         "Debug\V2X-BandwidthClassSL-r14.obj"
         "Debug\V2X-SupportedBandCombination-r14.obj"
         "Debug\VarConnEstFailReport-r11.obj"
         "Debug\VarLogMeasConfig-r10.obj"
         "Debug\VarLogMeasConfig-r11.obj"
         "Debug\VarLogMeasConfig-r12.obj"
         "Debug\VarLogMeasReport-r10.obj"
         "Debug\VarLogMeasReport-r11.obj"
         Debug\VarMeasConfig.obj
         Debug\VarMeasReport.obj
         "Debug\VarMeasReportList-r12.obj"
         Debug\VarMeasReportList.obj
         "Debug\VarMobilityHistoryReport-r12.obj"
         "Debug\VarRLF-Report-r10.obj"
         "Debug\VarRLF-Report-r11.obj"
         "Debug\VarShortMAC-Input-NB-r13.obj"
         "Debug\VarShortMAC-Input.obj"
         "Debug\VarShortResumeMAC-Input-NB-r13.obj"
         "Debug\VarShortResumeMAC-Input-r13.obj"
         "Debug\VarWLAN-MobilityConfig.obj"
         "Debug\VarWLAN-Status-r13.obj"
         "Debug\VictimSystemType-r11.obj"
         "Debug\VisitedCellInfo-r12.obj"
         "Debug\VisitedCellInfoList-r12.obj"
         "Debug\WhiteCellsToAddMod-r13.obj"
         "Debug\WhiteCellsToAddModList-r13.obj"
         "Debug\WLAN-backhaulRate-r12.obj"
         "Debug\WLAN-BandIndicator-r13.obj"
         "Debug\WLAN-CarrierInfo-r13.obj"
         "Debug\WLAN-Channel-r13.obj"
         "Debug\WLAN-ChannelList-r13.obj"
         "Debug\WLAN-Id-List-r12.obj"
         "Debug\WLAN-Id-List-r13.obj"
         "Debug\WLAN-Identifiers-r12.obj"
         "Debug\WLAN-IW-Parameters-r12.obj"
         "Debug\WLAN-IW-Parameters-v1310.obj"
         "Debug\WLAN-MobilityConfig-r13.obj"
         "Debug\WLAN-OffloadConfig-r12.obj"
         "Debug\WLAN-OffloadInfoPerPLMN-r12.obj"
         "Debug\WLAN-RSSI-Range-r13.obj"
         "Debug\WLAN-Status-r13.obj"
         "Debug\WLAN-Status-v1430.obj"
         "Debug\WLAN-SuspendConfig-r14.obj"
         "Debug\WLANConnectionStatusReport-r13-IEs.obj"
         "Debug\WLANConnectionStatusReport-r13.obj"
         "Debug\WLANConnectionStatusReport-v1430-IEs.obj"
         Debug\xer_decoder.obj
         Debug\xer_encoder.obj
         Debug\xer_support.obj
         "Debug\ZeroTxPowerCSI-RS-Conf-r12.obj"
         "Debug\ZeroTxPowerCSI-RS-r12.obj"
         Debug\main.obj
       Manifest:
         C:\Program Files (x86)\Microsoft SDKs\Windows\v7.0A\bin\mt.exe /nologo /verbose /out:"Debug\asn1c_lte_rrc_message_parse.exe.embed.manifest" /manifest Debug\asn1c_lte_rrc_message_parse.exe.intermediate.manifest
         所有输出均为最新。
       LinkEmbedManifest:
         所有输出均为最新。
         asn1c_lte_rrc_message_parse.vcxproj -> D:\vs2010_project\asn1c_lte_rrc_message_parse\Debug\asn1c_lte_rrc_message_parse.exe
       FinalizeBuildStatus:
         正在删除文件“Debug\asn1c_lte_rrc_message_parse.unsuccessfulbuild”。
         正在对“Debug\asn1c_lte_rrc_message_parse.lastbuildstate”执行 Touch 任务。
     1>已完成生成项目“D:\vs2010_project\asn1c_lte_rrc_message_parse\asn1c_lte_rrc_message_parse\asn1c_lte_rrc_message_parse.vcxproj”(build 个目标)的操作。

生成成功。

已用时间 00:00:08.84
